[2026-03-15 16:00:00.177918] 🔥 Scalable Brain M1 Auditor STARTED

Found 73 unresolved active trades.

Analyzing GBP_USD | Entry: 2026-03-13 13:00:00 | Price: 1.32730
 → PENDING | Trade is still active as of right now.
Analyzing GBP_USD | Entry: 2026-03-13 15:00:00 | Price: 1.32564
 → PENDING | Trade is still active as of right now.
Analyzing EUR_USD | Entry: 2026-03-13 15:00:00 | Price: 1.14578
 → PENDING | Trade is still active as of right now.
Analyzing EUR_USD | Entry: 2026-03-13 16:00:00 | Price: 1.14432
 → PENDING | Trade is still active as of right now.
Analyzing GBP_USD | Entry: 2026-03-13 16:00:00 | Price: 1.32377
 → PENDING | Trade is still active as of right now.
Analyzing GBP_USD | Entry: 2026-03-13 17:00:00 | Price: 1.32454
 → PENDING | Trade is still active as of right now.
Analyzing EUR_USD | Entry: 2026-03-13 17:00:00 | Price: 1.14433
 → PENDING | Trade is still active as of right now.
Analyzing EUR_USD | Entry: 2026-03-13 20:00:00 | Price: 1.14164
 → PENDING | Trade is still active as of right now.
Analyzing EUR_USD | Entry: 2026-03-13 20:00:00 | Price: 1.14164
 → PENDING | Trade is still active as of right now.
Analyzing EUR_USD | Entry: 2026-03-13 20:00:00 | Price: 1.14164
 → PENDING | Trade is still active as of right now.
Analyzing EUR_USD | Entry: 2026-03-13 20:00:00 | Price: 1.14164
 → PENDING | Trade is still active as of right now.
Analyzing EUR_USD | Entry: 2026-03-13 20:00:00 | Price: 1.14164
 → PENDING | Trade is still active as of right now.
Analyzing EUR_USD | Entry: 2026-03-13 20:00:00 | Price: 1.14164
 → PENDING | Trade is still active as of right now.
Analyzing EUR_USD | Entry: 2026-03-13 20:00:00 | Price: 1.14164
 → PENDING | Trade is still active as of right now.
Analyzing EUR_USD | Entry: 2026-03-13 20:00:00 | Price: 1.14164
 → PENDING | Trade is still active as of right now.
Analyzing EUR_USD | Entry: 2026-03-13 20:00:00 | Price: 1.14164
 → PENDING | Trade is still active as of right now.
Analyzing EUR_USD | Entry: 2026-03-13 20:00:00 | Price: 1.14164
 → PENDING | Trade is still active as of right now.
Analyzing EUR_USD | Entry: 2026-03-13 20:00:00 | Price: 1.14164
 → PENDING | Trade is still active as of right now.
Analyzing EUR_USD | Entry: 2026-03-13 20:00:00 | Price: 1.14164
 → PENDING | Trade is still active as of right now.
Analyzing EUR_USD | Entry: 2026-03-13 20:00:00 | Price: 1.14164
 → PENDING | Trade is still active as of right now.
Analyzing EUR_USD | Entry: 2026-03-13 20:00:00 | Price: 1.14164
 → PENDING | Trade is still active as of right now.
Analyzing EUR_USD | Entry: 2026-03-13 20:00:00 | Price: 1.14164
 → PENDING | Trade is still active as of right now.
Analyzing EUR_USD | Entry: 2026-03-13 20:00:00 | Price: 1.14164
 → PENDING | Trade is still active as of right now.
Analyzing EUR_USD | Entry: 2026-03-13 20:00:00 | Price: 1.14164
 → PENDING | Trade is still active as of right now.
Analyzing EUR_USD | Entry: 2026-03-13 20:00:00 | Price: 1.14164
 → PENDING | Trade is still active as of right now.
Analyzing EUR_USD | Entry: 2026-03-13 20:00:00 | Price: 1.14164
 → PENDING | Trade is still active as of right now.
Analyzing EUR_USD | Entry: 2026-03-13 20:00:00 | Price: 1.14164
 → PENDING | Trade is still active as of right now.
Analyzing EUR_USD | Entry: 2026-03-13 20:00:00 | Price: 1.14164
 → PENDING | Trade is still active as of right now.
Analyzing EUR_USD | Entry: 2026-03-13 20:00:00 | Price: 1.14164
 → PENDING | Trade is still active as of right now.
Analyzing EUR_USD | Entry: 2026-03-13 20:00:00 | Price: 1.14164
 → PENDING | Trade is still active as of right now.
Analyzing EUR_USD | Entry: 2026-03-13 20:00:00 | Price: 1.14164
 → PENDING | Trade is still active as of right now.
Analyzing EUR_USD | Entry: 2026-03-13 20:00:00 | Price: 1.14164
 → PENDING | Trade is still active as of right now.
Analyzing EUR_USD | Entry: 2026-03-13 20:00:00 | Price: 1.14164
 → PENDING | Trade is still active as of right now.
Analyzing EUR_USD | Entry: 2026-03-13 20:00:00 | Price: 1.14164
 → PENDING | Trade is still active as of right now.
Analyzing EUR_USD | Entry: 2026-03-13 20:00:00 | Price: 1.14164
 → PENDING | Trade is still active as of right now.
Analyzing EUR_USD | Entry: 2026-03-13 20:00:00 | Price: 1.14164
 → PENDING | Trade is still active as of right now.
Analyzing EUR_USD | Entry: 2026-03-13 20:00:00 | Price: 1.14164
 → PENDING | Trade is still active as of right now.
Analyzing EUR_USD | Entry: 2026-03-13 20:00:00 | Price: 1.14164
 → PENDING | Trade is still active as of right now.
Analyzing EUR_USD | Entry: 2026-03-13 20:00:00 | Price: 1.14164
 → PENDING | Trade is still active as of right now.
Analyzing EUR_USD | Entry: 2026-03-13 20:00:00 | Price: 1.14164
 → PENDING | Trade is still active as of right now.
Analyzing GBP_USD | Entry: 2026-03-13 20:00:00 | Price: 1.32240
 → PENDING | Trade is still active as of right now.
Analyzing GBP_USD | Entry: 2026-03-13 20:00:00 | Price: 1.32240
 → PENDING | Trade is still active as of right now.
Analyzing GBP_USD | Entry: 2026-03-13 20:00:00 | Price: 1.32240
 → PENDING | Trade is still active as of right now.
Analyzing GBP_USD | Entry: 2026-03-13 20:00:00 | Price: 1.32240
 → PENDING | Trade is still active as of right now.
Analyzing GBP_USD | Entry: 2026-03-13 20:00:00 | Price: 1.32240
 → PENDING | Trade is still active as of right now.
Analyzing GBP_USD | Entry: 2026-03-13 20:00:00 | Price: 1.32240
 → PENDING | Trade is still active as of right now.
Analyzing USD_JPY | Entry: 2026-03-13 20:00:00 | Price: 159.73300
 → PENDING | Trade is still active as of right now.
Analyzing USD_JPY | Entry: 2026-03-13 20:00:00 | Price: 159.73300
 → PENDING | Trade is still active as of right now.
Analyzing USD_JPY | Entry: 2026-03-13 20:00:00 | Price: 159.73300
 → PENDING | Trade is still active as of right now.
Analyzing USD_JPY | Entry: 2026-03-13 20:00:00 | Price: 159.73300
 → PENDING | Trade is still active as of right now.
Analyzing USD_JPY | Entry: 2026-03-13 20:00:00 | Price: 159.73300
 → PENDING | Trade is still active as of right now.
Analyzing USD_JPY | Entry: 2026-03-13 20:00:00 | Price: 159.73300
 → PENDING | Trade is still active as of right now.
Analyzing USD_JPY | Entry: 2026-03-13 20:00:00 | Price: 159.73300
 → PENDING | Trade is still active as of right now.
Analyzing USD_JPY | Entry: 2026-03-13 20:00:00 | Price: 159.73300
 → PENDING | Trade is still active as of right now.
Analyzing USD_JPY | Entry: 2026-03-13 20:00:00 | Price: 159.73300
 → PENDING | Trade is still active as of right now.
Analyzing USD_JPY | Entry: 2026-03-13 20:00:00 | Price: 159.73300
 → PENDING | Trade is still active as of right now.
Analyzing USD_JPY | Entry: 2026-03-13 20:00:00 | Price: 159.73300
 → PENDING | Trade is still active as of right now.
Analyzing USD_JPY | Entry: 2026-03-13 20:00:00 | Price: 159.73300
 → PENDING | Trade is still active as of right now.
Analyzing USD_JPY | Entry: 2026-03-13 20:00:00 | Price: 159.73300
 → PENDING | Trade is still active as of right now.
Analyzing USD_JPY | Entry: 2026-03-13 20:00:00 | Price: 159.73300
 → PENDING | Trade is still active as of right now.
Analyzing USD_JPY | Entry: 2026-03-13 20:00:00 | Price: 159.73300
 → PENDING | Trade is still active as of right now.
Analyzing USD_JPY | Entry: 2026-03-13 20:00:00 | Price: 159.73300
 → PENDING | Trade is still active as of right now.
Analyzing USD_JPY | Entry: 2026-03-13 20:00:00 | Price: 159.73300
 → PENDING | Trade is still active as of right now.
Analyzing USD_JPY | Entry: 2026-03-13 20:00:00 | Price: 159.73300
 → PENDING | Trade is still active as of right now.
Analyzing USD_JPY | Entry: 2026-03-13 20:00:00 | Price: 159.73300
 → PENDING | Trade is still active as of right now.
Analyzing USD_JPY | Entry: 2026-03-13 20:00:00 | Price: 159.73300
 → PENDING | Trade is still active as of right now.
Analyzing USD_JPY | Entry: 2026-03-13 20:00:00 | Price: 159.73300
 → PENDING | Trade is still active as of right now.
Analyzing USD_JPY | Entry: 2026-03-13 20:00:00 | Price: 159.73300
 → PENDING | Trade is still active as of right now.
Analyzing USD_JPY | Entry: 2026-03-13 20:00:00 | Price: 159.73300
 → PENDING | Trade is still active as of right now.
Analyzing USD_JPY | Entry: 2026-03-13 20:00:00 | Price: 159.73300
 → PENDING | Trade is still active as of right now.
Analyzing USD_JPY | Entry: 2026-03-13 20:00:00 | Price: 159.73300
 → PENDING | Trade is still active as of right now.
Analyzing USD_JPY | Entry: 2026-03-13 20:00:00 | Price: 159.73300
 → PENDING | Trade is still active as of right now.
Analyzing USD_JPY | Entry: 2026-03-13 20:00:00 | Price: 159.73300
 → PENDING | Trade is still active as of right now.
[2026-03-15 16:00:41.054414] Auditor FINISHED. Updated 0 trade records.
[2026-03-16 04:00:00.637598] 🔥 Scalable Brain M1 Auditor STARTED

Found 41 unresolved active trades.

Analyzing GBP_USD | Entry: 2026-03-13 13:00:00 | Price: 1.32730
 → PENDING | Trade is still active as of right now.
Analyzing EUR_USD | Entry: 2026-03-13 15:00:00 | Price: 1.14578
 → PENDING | Trade is still active as of right now.
Analyzing GBP_USD | Entry: 2026-03-13 15:00:00 | Price: 1.32564
 → PENDING | Trade is still active as of right now.
Analyzing EUR_USD | Entry: 2026-03-13 16:00:00 | Price: 1.14432
 → PENDING | Trade is still active as of right now.
Analyzing EUR_USD | Entry: 2026-03-13 17:00:00 | Price: 1.14433
 → PENDING | Trade is still active as of right now.
Analyzing USD_JPY | Entry: 2026-03-13 20:00:00 | Price: 159.73300
 → PENDING | Trade is still active as of right now.
Analyzing USD_JPY | Entry: 2026-03-13 20:00:00 | Price: 159.73300
 → PENDING | Trade is still active as of right now.
Analyzing USD_JPY | Entry: 2026-03-13 20:00:00 | Price: 159.73300
 → PENDING | Trade is still active as of right now.
Analyzing USD_JPY | Entry: 2026-03-13 20:00:00 | Price: 159.73300
 → PENDING | Trade is still active as of right now.
Analyzing USD_JPY | Entry: 2026-03-13 20:00:00 | Price: 159.73300
 → PENDING | Trade is still active as of right now.
Analyzing USD_JPY | Entry: 2026-03-13 20:00:00 | Price: 159.73300
 → PENDING | Trade is still active as of right now.
Analyzing USD_JPY | Entry: 2026-03-13 20:00:00 | Price: 159.73300
 → PENDING | Trade is still active as of right now.
Analyzing USD_JPY | Entry: 2026-03-13 20:00:00 | Price: 159.73300
 → PENDING | Trade is still active as of right now.
Analyzing USD_JPY | Entry: 2026-03-13 20:00:00 | Price: 159.73300
 → PENDING | Trade is still active as of right now.
Analyzing USD_JPY | Entry: 2026-03-13 20:00:00 | Price: 159.73300
 → PENDING | Trade is still active as of right now.
Analyzing USD_JPY | Entry: 2026-03-13 20:00:00 | Price: 159.73300
 → PENDING | Trade is still active as of right now.
Analyzing USD_JPY | Entry: 2026-03-13 20:00:00 | Price: 159.73300
 → PENDING | Trade is still active as of right now.
Analyzing USD_JPY | Entry: 2026-03-13 20:00:00 | Price: 159.73300
 → PENDING | Trade is still active as of right now.
Analyzing USD_JPY | Entry: 2026-03-13 20:00:00 | Price: 159.73300
 → PENDING | Trade is still active as of right now.
Analyzing USD_JPY | Entry: 2026-03-13 20:00:00 | Price: 159.73300
 → PENDING | Trade is still active as of right now.
Analyzing USD_JPY | Entry: 2026-03-13 20:00:00 | Price: 159.73300
 → PENDING | Trade is still active as of right now.
Analyzing USD_JPY | Entry: 2026-03-13 20:00:00 | Price: 159.73300
 → PENDING | Trade is still active as of right now.
Analyzing USD_JPY | Entry: 2026-03-13 20:00:00 | Price: 159.73300
 → PENDING | Trade is still active as of right now.
Analyzing USD_JPY | Entry: 2026-03-13 20:00:00 | Price: 159.73300
 → PENDING | Trade is still active as of right now.
Analyzing USD_JPY | Entry: 2026-03-13 20:00:00 | Price: 159.73300
 → PENDING | Trade is still active as of right now.
Analyzing USD_JPY | Entry: 2026-03-13 20:00:00 | Price: 159.73300
 → PENDING | Trade is still active as of right now.
Analyzing USD_JPY | Entry: 2026-03-13 20:00:00 | Price: 159.73300
 → PENDING | Trade is still active as of right now.
Analyzing USD_JPY | Entry: 2026-03-13 20:00:00 | Price: 159.73300
 → PENDING | Trade is still active as of right now.
Analyzing USD_JPY | Entry: 2026-03-13 20:00:00 | Price: 159.73300
 → PENDING | Trade is still active as of right now.
Analyzing USD_JPY | Entry: 2026-03-13 20:00:00 | Price: 159.73300
 → PENDING | Trade is still active as of right now.
Analyzing USD_JPY | Entry: 2026-03-13 20:00:00 | Price: 159.73300
 → PENDING | Trade is still active as of right now.
Analyzing USD_JPY | Entry: 2026-03-13 20:00:00 | Price: 159.73300
 → PENDING | Trade is still active as of right now.
Analyzing USD_JPY | Entry: 2026-03-13 20:00:00 | Price: 159.73300
 → PENDING | Trade is still active as of right now.
Analyzing USD_JPY | Entry: 2026-03-13 20:00:00 | Price: 159.73300
 → PENDING | Trade is still active as of right now.
Analyzing USD_JPY | Entry: 2026-03-13 20:00:00 | Price: 159.73300
 → PENDING | Trade is still active as of right now.
Analyzing USD_JPY | Entry: 2026-03-13 20:00:00 | Price: 159.73300
 → PENDING | Trade is still active as of right now.
Analyzing USD_JPY | Entry: 2026-03-13 20:00:00 | Price: 159.73300
 → PENDING | Trade is still active as of right now.
Analyzing USD_JPY | Entry: 2026-03-13 20:00:00 | Price: 159.73300
 → PENDING | Trade is still active as of right now.
Analyzing EUR_USD | Entry: 2026-03-16 01:00:00 | Price: 1.14555
 → PENDING | Trade is still active as of right now.
Analyzing EUR_USD | Entry: 2026-03-16 02:00:00 | Price: 1.14493
 → PENDING | Trade is still active as of right now.
Analyzing EUR_USD | Entry: 2026-03-16 03:00:00 | Price: 1.14488
 → PENDING | Trade is still active as of right now.
[2026-03-16 04:00:23.853691] Auditor FINISHED. Updated 0 trade records.
[2026-03-16 13:00:01.026014] 🔥 Scalable Brain M1 Auditor STARTED

Found 8 unresolved active trades.

Analyzing GBP_USD | Entry: 2026-03-13 13:00:00 | Price: 1.32730
 → PENDING | Trade is still active as of right now.
Analyzing USD_JPY | Entry: 2026-03-16 08:00:00 | Price: 159.27300
 → LOSS | SL hit at 2026-03-16 12:03:00 (Low: 159.087)
 ✓ Database Updated: Outcome = LOSS

Analyzing EUR_USD | Entry: 2026-03-16 11:00:00 | Price: 1.14750
 → PENDING | Trade is still active as of right now.
Analyzing GBP_USD | Entry: 2026-03-16 11:00:00 | Price: 1.32717
 → LOSS | SL hit at 2026-03-16 12:13:00 (High: 1.32887)
 ✓ Database Updated: Outcome = LOSS

Analyzing USD_JPY | Entry: 2026-03-16 11:00:00 | Price: 159.22600
 → LOSS | SL hit at 2026-03-16 12:11:00 (Low: 159.048)
 ✓ Database Updated: Outcome = LOSS

Analyzing EUR_USD | Entry: 2026-03-16 12:00:00 | Price: 1.14796
 → PENDING | Trade is still active as of right now.
Analyzing GBP_USD | Entry: 2026-03-16 12:00:00 | Price: 1.32806
 → PENDING | Trade is still active as of right now.
Analyzing USD_JPY | Entry: 2026-03-16 12:00:00 | Price: 159.12200
 → PENDING | Trade is still active as of right now.
[2026-03-16 13:00:04.742588] Auditor FINISHED. Updated 3 trade records.
[2026-03-16 17:00:00.568252] 🔥 Scalable Brain M1 Auditor STARTED

Found 7 unresolved active trades.

Analyzing GBP_USD | Entry: 2026-03-16 12:00:00 | Price: 1.32806
 → LOSS | SL hit at 2026-03-16 13:43:00 (High: 1.32984)
 ✓ Database Updated: Outcome = LOSS

Analyzing EUR_USD | Entry: 2026-03-16 13:00:00 | Price: 1.14753
 → LOSS | SL hit at 2026-03-16 13:44:00 (High: 1.14902)
 ✓ Database Updated: Outcome = LOSS

Analyzing EUR_USD | Entry: 2026-03-16 13:00:00 | Price: 1.14936
 → PENDING | Trade is still active as of right now.
Analyzing GBP_USD | Entry: 2026-03-16 13:00:00 | Price: 1.33024
 → PENDING | Trade is still active as of right now.
Analyzing EUR_USD | Entry: 2026-03-16 14:00:00 | Price: 1.14996
 → PENDING | Trade is still active as of right now.
Analyzing USD_JPY | Entry: 2026-03-16 14:00:00 | Price: 158.94000
 → PENDING | Trade is still active as of right now.
Analyzing EUR_USD | Entry: 2026-03-16 16:00:00 | Price: 1.14862
 → PENDING | Trade is still active as of right now.
[2026-03-16 17:00:05.107393] Auditor FINISHED. Updated 2 trade records.
[2026-03-16 21:00:00.688861] 🔥 Scalable Brain M1 Auditor STARTED

Found 6 unresolved active trades.

Analyzing EUR_USD | Entry: 2026-03-16 13:00:00 | Price: 1.14936
 → LOSS | SL hit at 2026-03-16 18:23:00 (High: 1.15098)
 ✓ Database Updated: Outcome = LOSS

Analyzing GBP_USD | Entry: 2026-03-16 13:00:00 | Price: 1.33024
 → LOSS | SL hit at 2026-03-16 18:17:00 (High: 1.33216)
 ✓ Database Updated: Outcome = LOSS

Analyzing EUR_USD | Entry: 2026-03-16 14:00:00 | Price: 1.14996
 → LOSS | SL hit at 2026-03-16 18:25:00 (High: 1.15172)
 ✓ Database Updated: Outcome = LOSS

Analyzing USD_JPY | Entry: 2026-03-16 14:00:00 | Price: 158.94000
 → PENDING | Trade is still active as of right now.
Analyzing EUR_USD | Entry: 2026-03-16 16:00:00 | Price: 1.14862
 → LOSS | SL hit at 2026-03-16 17:00:00 (High: 1.15034)
 ✓ Database Updated: Outcome = LOSS

Analyzing EUR_USD | Entry: 2026-03-16 17:00:00 | Price: 1.14938
 → LOSS | SL hit at 2026-03-16 18:24:00 (High: 1.15134)
 ✓ Database Updated: Outcome = LOSS

[2026-03-16 21:00:02.940251] Auditor FINISHED. Updated 5 trade records.
[2026-03-17 00:00:00.708458] 🔥 Scalable Brain M1 Auditor STARTED

Found 1 unresolved active trades.

Analyzing USD_JPY | Entry: 2026-03-16 14:00:00 | Price: 158.94000
 → PENDING | Trade is still active as of right now.
[2026-03-17 00:00:02.880427] Auditor FINISHED. Updated 0 trade records.
[2026-03-17 04:00:00.333170] 🔥 Scalable Brain M1 Auditor STARTED

Found 9 unresolved active trades.

Analyzing USD_JPY | Entry: 2026-03-16 14:00:00 | Price: 158.94000
 → PENDING | Trade is still active as of right now.
Analyzing EUR_USD | Entry: 2026-03-17 00:00:00 | Price: 1.14932
 → PENDING | Trade is still active as of right now.
Analyzing EUR_USD | Entry: 2026-03-17 00:00:00 | Price: 1.14922
 → PENDING | Trade is still active as of right now.
Analyzing EUR_USD | Entry: 2026-03-17 00:00:00 | Price: 1.14901
 → PENDING | Trade is still active as of right now.
Analyzing EUR_USD | Entry: 2026-03-17 01:00:00 | Price: 1.14909
 → PENDING | Trade is still active as of right now.
Analyzing EUR_USD | Entry: 2026-03-17 02:00:00 | Price: 1.14932
 → PENDING | Trade is still active as of right now.
Analyzing USD_JPY | Entry: 2026-03-17 02:00:00 | Price: 159.36900
 → PENDING | Trade is still active as of right now.
Analyzing EUR_USD | Entry: 2026-03-17 03:00:00 | Price: 1.14944
 → PENDING | Trade is still active as of right now.
Analyzing USD_JPY | Entry: 2026-03-17 03:00:00 | Price: 159.39000
 → PENDING | Trade is still active as of right now.
[2026-03-17 04:00:09.147618] Auditor FINISHED. Updated 0 trade records.
[2026-03-17 13:00:00.367877] 🔥 Scalable Brain M1 Auditor STARTED

Found 19 unresolved active trades.

Analyzing USD_JPY | Entry: 2026-03-16 14:00:00 | Price: 158.94000
 → WIN | TP hit at 2026-03-17 06:00:00 (High: 159.474)
 ✓ Database Updated: Outcome = WIN

Analyzing EUR_USD | Entry: 2026-03-17 00:00:00 | Price: 1.14932
 → LOSS | SL hit at 2026-03-17 08:43:00 (High: 1.15113)
 ✓ Database Updated: Outcome = LOSS

Analyzing EUR_USD | Entry: 2026-03-17 00:00:00 | Price: 1.14922
 → LOSS | SL hit at 2026-03-17 08:43:00 (High: 1.15113)
 ✓ Database Updated: Outcome = LOSS

Analyzing EUR_USD | Entry: 2026-03-17 00:00:00 | Price: 1.14901
 → LOSS | SL hit at 2026-03-17 08:40:00 (High: 1.1507)
 ✓ Database Updated: Outcome = LOSS

Analyzing EUR_USD | Entry: 2026-03-17 01:00:00 | Price: 1.14909
 → LOSS | SL hit at 2026-03-17 08:40:00 (High: 1.1507)
 ✓ Database Updated: Outcome = LOSS

Analyzing EUR_USD | Entry: 2026-03-17 02:00:00 | Price: 1.14932
 → LOSS | SL hit at 2026-03-17 08:40:00 (High: 1.1507)
 ✓ Database Updated: Outcome = LOSS

Analyzing USD_JPY | Entry: 2026-03-17 02:00:00 | Price: 159.36900
 → PENDING | Trade is still active as of right now.
Analyzing EUR_USD | Entry: 2026-03-17 03:00:00 | Price: 1.14944
 → LOSS | SL hit at 2026-03-17 08:43:00 (High: 1.15113)
 ✓ Database Updated: Outcome = LOSS

Analyzing USD_JPY | Entry: 2026-03-17 03:00:00 | Price: 159.39000
 → PENDING | Trade is still active as of right now.
Analyzing EUR_USD | Entry: 2026-03-17 03:00:00 | Price: 1.14919
 → LOSS | SL hit at 2026-03-17 08:40:00 (High: 1.1507)
 ✓ Database Updated: Outcome = LOSS

Analyzing USD_JPY | Entry: 2026-03-17 04:00:00 | Price: 159.35400
 → PENDING | Trade is still active as of right now.
Analyzing EUR_USD | Entry: 2026-03-17 06:00:00 | Price: 1.14800
 → LOSS | SL hit at 2026-03-17 06:13:00 (Low: 1.14666)
 ✓ Database Updated: Outcome = LOSS

Analyzing GBP_USD | Entry: 2026-03-17 06:00:00 | Price: 1.32881
 → WIN | TP hit at 2026-03-17 09:01:00 (High: 1.33348)
 ✓ Database Updated: Outcome = WIN

Analyzing USD_JPY | Entry: 2026-03-17 06:00:00 | Price: 159.44400
 → PENDING | Trade is still active as of right now.
Analyzing EUR_USD | Entry: 2026-03-17 09:00:00 | Price: 1.15122
 → PENDING | Trade is still active as of right now.
Analyzing GBP_USD | Entry: 2026-03-17 09:00:00 | Price: 1.33295
 → PENDING | Trade is still active as of right now.
Analyzing USD_JPY | Entry: 2026-03-17 09:00:00 | Price: 159.09400
 → PENDING | Trade is still active as of right now.
Analyzing EUR_USD | Entry: 2026-03-17 10:00:00 | Price: 1.15154
 → PENDING | Trade is still active as of right now.
Analyzing GBP_USD | Entry: 2026-03-17 10:00:00 | Price: 1.33338
 → PENDING | Trade is still active as of right now.
[2026-03-17 13:00:08.893596] Auditor FINISHED. Updated 10 trade records.
[2026-03-17 17:00:00.666178] 🔥 Scalable Brain M1 Auditor STARTED

Found 17 unresolved active trades.

Analyzing USD_JPY | Entry: 2026-03-17 02:00:00 | Price: 159.36900
 → WIN | TP hit at 2026-03-17 13:23:00 (Low: 158.836)
 ✓ Database Updated: Outcome = WIN

Analyzing USD_JPY | Entry: 2026-03-17 03:00:00 | Price: 159.39000
 → WIN | TP hit at 2026-03-17 13:23:00 (Low: 158.836)
 ✓ Database Updated: Outcome = WIN

Analyzing USD_JPY | Entry: 2026-03-17 04:00:00 | Price: 159.35400
 → WIN | TP hit at 2026-03-17 13:23:00 (Low: 158.836)
 ✓ Database Updated: Outcome = WIN

Analyzing USD_JPY | Entry: 2026-03-17 06:00:00 | Price: 159.44400
 → WIN | TP hit at 2026-03-17 13:12:00 (Low: 158.915)
 ✓ Database Updated: Outcome = WIN

Analyzing EUR_USD | Entry: 2026-03-17 09:00:00 | Price: 1.15122
 → LOSS | SL hit at 2026-03-17 13:00:00 (High: 1.15286)
 ✓ Database Updated: Outcome = LOSS

Analyzing GBP_USD | Entry: 2026-03-17 09:00:00 | Price: 1.33295
 → LOSS | SL hit at 2026-03-17 13:11:00 (High: 1.33468)
 ✓ Database Updated: Outcome = LOSS

Analyzing USD_JPY | Entry: 2026-03-17 09:00:00 | Price: 159.09400
 → LOSS | SL hit at 2026-03-17 13:12:00 (Low: 158.915)
 ✓ Database Updated: Outcome = LOSS

Analyzing EUR_USD | Entry: 2026-03-17 10:00:00 | Price: 1.15154
 → LOSS | SL hit at 2026-03-17 13:01:00 (High: 1.15314)
 ✓ Database Updated: Outcome = LOSS

Analyzing GBP_USD | Entry: 2026-03-17 10:00:00 | Price: 1.33338
 → LOSS | SL hit at 2026-03-17 13:20:00 (High: 1.33516)
 ✓ Database Updated: Outcome = LOSS

Analyzing EUR_USD | Entry: 2026-03-17 13:00:00 | Price: 1.15246
 → LOSS | SL hit at 2026-03-17 13:23:00 (High: 1.15426)
 ✓ Database Updated: Outcome = LOSS

Analyzing GBP_USD | Entry: 2026-03-17 13:00:00 | Price: 1.33330
 → LOSS | SL hit at 2026-03-17 13:20:00 (High: 1.33516)
 ✓ Database Updated: Outcome = LOSS

Analyzing USD_JPY | Entry: 2026-03-17 13:00:00 | Price: 159.03000
 → LOSS | SL hit at 2026-03-17 13:23:00 (Low: 158.836)
 ✓ Database Updated: Outcome = LOSS

Analyzing EUR_USD | Entry: 2026-03-17 14:00:00 | Price: 1.15306
 → PENDING | Trade is still active as of right now.
Analyzing GBP_USD | Entry: 2026-03-17 14:00:00 | Price: 1.33454
 → PENDING | Trade is still active as of right now.
Analyzing EUR_USD | Entry: 2026-03-17 15:00:00 | Price: 1.15333
 → PENDING | Trade is still active as of right now.
Analyzing GBP_USD | Entry: 2026-03-17 15:00:00 | Price: 1.33484
 → PENDING | Trade is still active as of right now.
Analyzing EUR_USD | Entry: 2026-03-17 16:00:00 | Price: 1.15251
 → PENDING | Trade is still active as of right now.
[2026-03-17 17:00:09.288673] Auditor FINISHED. Updated 12 trade records.
[2026-03-17 21:00:00.462051] 🔥 Scalable Brain M1 Auditor STARTED

Found 7 unresolved active trades.

Analyzing EUR_USD | Entry: 2026-03-17 14:00:00 | Price: 1.15306
 → OANDA API Error during chunk 2026-03-17 14:00:00: HTTPSConnectionPool(host='api-fxpractice.oanda.com', port=443): Max retries exceeded with url: /v3/instruments/EUR_USD/candles?granularity=M1&price=M&from=2026-03-17T14%3A00%3A00.000000Z&to=2026-03-17T21%3A00%3A00.000000Z (Caused by NameResolutionError("HTTPSConnection(host='api-fxpractice.oanda.com', port=443): Failed to resolve 'api-fxpractice.oanda.com' ([Errno -3] Temporary failure in name resolution)"))
Analyzing GBP_USD | Entry: 2026-03-17 14:00:00 | Price: 1.33454
 → OANDA API Error during chunk 2026-03-17 14:00:00: HTTPSConnectionPool(host='api-fxpractice.oanda.com', port=443): Max retries exceeded with url: /v3/instruments/GBP_USD/candles?granularity=M1&price=M&from=2026-03-17T14%3A00%3A00.000000Z&to=2026-03-17T21%3A00%3A00.000000Z (Caused by NameResolutionError("HTTPSConnection(host='api-fxpractice.oanda.com', port=443): Failed to resolve 'api-fxpractice.oanda.com' ([Errno -3] Temporary failure in name resolution)"))
Analyzing EUR_USD | Entry: 2026-03-17 15:00:00 | Price: 1.15333
 → OANDA API Error during chunk 2026-03-17 15:00:00: HTTPSConnectionPool(host='api-fxpractice.oanda.com', port=443): Max retries exceeded with url: /v3/instruments/EUR_USD/candles?granularity=M1&price=M&from=2026-03-17T15%3A00%3A00.000000Z&to=2026-03-17T21%3A00%3A00.000000Z (Caused by NameResolutionError("HTTPSConnection(host='api-fxpractice.oanda.com', port=443): Failed to resolve 'api-fxpractice.oanda.com' ([Errno -3] Temporary failure in name resolution)"))
Analyzing GBP_USD | Entry: 2026-03-17 15:00:00 | Price: 1.33484
 → OANDA API Error during chunk 2026-03-17 15:00:00: HTTPSConnectionPool(host='api-fxpractice.oanda.com', port=443): Max retries exceeded with url: /v3/instruments/GBP_USD/candles?granularity=M1&price=M&from=2026-03-17T15%3A00%3A00.000000Z&to=2026-03-17T21%3A00%3A00.000000Z (Caused by NameResolutionError("HTTPSConnection(host='api-fxpractice.oanda.com', port=443): Failed to resolve 'api-fxpractice.oanda.com' ([Errno -3] Temporary failure in name resolution)"))
Analyzing EUR_USD | Entry: 2026-03-17 16:00:00 | Price: 1.15251
 → OANDA API Error during chunk 2026-03-17 16:00:00: HTTPSConnectionPool(host='api-fxpractice.oanda.com', port=443): Max retries exceeded with url: /v3/instruments/EUR_USD/candles?granularity=M1&price=M&from=2026-03-17T16%3A00%3A00.000000Z&to=2026-03-17T21%3A00%3A00.000000Z (Caused by NameResolutionError("HTTPSConnection(host='api-fxpractice.oanda.com', port=443): Failed to resolve 'api-fxpractice.oanda.com' ([Errno -3] Temporary failure in name resolution)"))
Analyzing EUR_USD | Entry: 2026-03-17 17:00:00 | Price: 1.15278
 → OANDA API Error during chunk 2026-03-17 17:00:00: HTTPSConnectionPool(host='api-fxpractice.oanda.com', port=443): Max retries exceeded with url: /v3/instruments/EUR_USD/candles?granularity=M1&price=M&from=2026-03-17T17%3A00%3A00.000000Z&to=2026-03-17T21%3A00%3A00.000000Z (Caused by NameResolutionError("HTTPSConnection(host='api-fxpractice.oanda.com', port=443): Failed to resolve 'api-fxpractice.oanda.com' ([Errno -3] Temporary failure in name resolution)"))
Analyzing GBP_USD | Entry: 2026-03-17 17:00:00 | Price: 1.33474
 → OANDA API Error during chunk 2026-03-17 17:00:00: HTTPSConnectionPool(host='api-fxpractice.oanda.com', port=443): Max retries exceeded with url: /v3/instruments/GBP_USD/candles?granularity=M1&price=M&from=2026-03-17T17%3A00%3A00.000000Z&to=2026-03-17T21%3A00%3A00.000000Z (Caused by NameResolutionError("HTTPSConnection(host='api-fxpractice.oanda.com', port=443): Failed to resolve 'api-fxpractice.oanda.com' ([Errno -3] Temporary failure in name resolution)"))
[2026-03-17 21:00:00.491194] Auditor FINISHED. Updated 0 trade records.
[2026-03-18 00:00:00.401980] 🔥 Scalable Brain M1 Auditor STARTED

Found 7 unresolved active trades.

Analyzing EUR_USD | Entry: 2026-03-17 14:00:00 | Price: 1.15306
 → OANDA API Error during chunk 2026-03-17 14:00:00: HTTPSConnectionPool(host='api-fxpractice.oanda.com', port=443): Max retries exceeded with url: /v3/instruments/EUR_USD/candles?granularity=M1&price=M&from=2026-03-17T14%3A00%3A00.000000Z&to=2026-03-18T00%3A00%3A00.000000Z (Caused by NameResolutionError("HTTPSConnection(host='api-fxpractice.oanda.com', port=443): Failed to resolve 'api-fxpractice.oanda.com' ([Errno -3] Temporary failure in name resolution)"))
Analyzing GBP_USD | Entry: 2026-03-17 14:00:00 | Price: 1.33454
 → OANDA API Error during chunk 2026-03-17 14:00:00: HTTPSConnectionPool(host='api-fxpractice.oanda.com', port=443): Max retries exceeded with url: /v3/instruments/GBP_USD/candles?granularity=M1&price=M&from=2026-03-17T14%3A00%3A00.000000Z&to=2026-03-18T00%3A00%3A00.000000Z (Caused by NameResolutionError("HTTPSConnection(host='api-fxpractice.oanda.com', port=443): Failed to resolve 'api-fxpractice.oanda.com' ([Errno -3] Temporary failure in name resolution)"))
Analyzing EUR_USD | Entry: 2026-03-17 15:00:00 | Price: 1.15333
 → OANDA API Error during chunk 2026-03-17 15:00:00: HTTPSConnectionPool(host='api-fxpractice.oanda.com', port=443): Max retries exceeded with url: /v3/instruments/EUR_USD/candles?granularity=M1&price=M&from=2026-03-17T15%3A00%3A00.000000Z&to=2026-03-18T00%3A00%3A00.000000Z (Caused by NameResolutionError("HTTPSConnection(host='api-fxpractice.oanda.com', port=443): Failed to resolve 'api-fxpractice.oanda.com' ([Errno -3] Temporary failure in name resolution)"))
Analyzing GBP_USD | Entry: 2026-03-17 15:00:00 | Price: 1.33484
 → OANDA API Error during chunk 2026-03-17 15:00:00: HTTPSConnectionPool(host='api-fxpractice.oanda.com', port=443): Max retries exceeded with url: /v3/instruments/GBP_USD/candles?granularity=M1&price=M&from=2026-03-17T15%3A00%3A00.000000Z&to=2026-03-18T00%3A00%3A00.000000Z (Caused by NameResolutionError("HTTPSConnection(host='api-fxpractice.oanda.com', port=443): Failed to resolve 'api-fxpractice.oanda.com' ([Errno -3] Temporary failure in name resolution)"))
Analyzing EUR_USD | Entry: 2026-03-17 16:00:00 | Price: 1.15251
 → OANDA API Error during chunk 2026-03-17 16:00:00: HTTPSConnectionPool(host='api-fxpractice.oanda.com', port=443): Max retries exceeded with url: /v3/instruments/EUR_USD/candles?granularity=M1&price=M&from=2026-03-17T16%3A00%3A00.000000Z&to=2026-03-18T00%3A00%3A00.000000Z (Caused by NameResolutionError("HTTPSConnection(host='api-fxpractice.oanda.com', port=443): Failed to resolve 'api-fxpractice.oanda.com' ([Errno -3] Temporary failure in name resolution)"))
Analyzing EUR_USD | Entry: 2026-03-17 17:00:00 | Price: 1.15278
 → OANDA API Error during chunk 2026-03-17 17:00:00: HTTPSConnectionPool(host='api-fxpractice.oanda.com', port=443): Max retries exceeded with url: /v3/instruments/EUR_USD/candles?granularity=M1&price=M&from=2026-03-17T17%3A00%3A00.000000Z&to=2026-03-18T00%3A00%3A00.000000Z (Caused by NameResolutionError("HTTPSConnection(host='api-fxpractice.oanda.com', port=443): Failed to resolve 'api-fxpractice.oanda.com' ([Errno -3] Temporary failure in name resolution)"))
Analyzing GBP_USD | Entry: 2026-03-17 17:00:00 | Price: 1.33474
 → OANDA API Error during chunk 2026-03-17 17:00:00: HTTPSConnectionPool(host='api-fxpractice.oanda.com', port=443): Max retries exceeded with url: /v3/instruments/GBP_USD/candles?granularity=M1&price=M&from=2026-03-17T17%3A00%3A00.000000Z&to=2026-03-18T00%3A00%3A00.000000Z (Caused by NameResolutionError("HTTPSConnection(host='api-fxpractice.oanda.com', port=443): Failed to resolve 'api-fxpractice.oanda.com' ([Errno -3] Temporary failure in name resolution)"))
[2026-03-18 00:00:00.429302] Auditor FINISHED. Updated 0 trade records.
[2026-03-18 04:00:00.621375] 🔥 Scalable Brain M1 Auditor STARTED

Traceback (most recent call last):
  File "/home/eem/Documents/trading_system/src/layer6_auditor/trade_auditor.py", line 183, in <module>
    main()
  File "/home/eem/Documents/trading_system/src/layer6_auditor/trade_auditor.py", line 124, in main
    conn = get_db_connection()
           ^^^^^^^^^^^^^^^^^^^
  File "/home/eem/Documents/trading_system/src/layer6_auditor/trade_auditor.py", line 37, in get_db_connection
    return pyodbc.connect(conn_str, autocommit=True)
           ^^^^^^^^^^^^^^^^^^^^^^^^^^^^^^^^^^^^^^^^^
pyodbc.OperationalError: ('HYT00', '[HYT00] [Microsoft][ODBC Driver 17 for SQL Server]Login timeout expired (0) (SQLDriverConnect)')
[2026-03-18 13:00:00.273120] 🔥 Scalable Brain M1 Auditor STARTED

Found 7 unresolved active trades.

Analyzing EUR_USD | Entry: 2026-03-17 14:00:00 | Price: 1.15306
 → LOSS | SL hit at 2026-03-17 18:08:00 (High: 1.15466)
 ✓ Database Updated: Outcome = LOSS

Analyzing GBP_USD | Entry: 2026-03-17 14:00:00 | Price: 1.33454
 → LOSS | SL hit at 2026-03-17 18:03:00 (High: 1.33636)
 ✓ Database Updated: Outcome = LOSS

Analyzing EUR_USD | Entry: 2026-03-17 15:00:00 | Price: 1.15333
 → LOSS | SL hit at 2026-03-18 06:22:00 (High: 1.1549)
 ✓ Database Updated: Outcome = LOSS

Analyzing GBP_USD | Entry: 2026-03-17 15:00:00 | Price: 1.33484
 → LOSS | SL hit at 2026-03-18 05:10:00 (High: 1.33673)
 ✓ Database Updated: Outcome = LOSS

Analyzing EUR_USD | Entry: 2026-03-17 16:00:00 | Price: 1.15251
 → LOSS | SL hit at 2026-03-17 18:00:00 (High: 1.15415)
 ✓ Database Updated: Outcome = LOSS

Analyzing EUR_USD | Entry: 2026-03-17 17:00:00 | Price: 1.15278
 → LOSS | SL hit at 2026-03-17 18:02:00 (High: 1.15438)
 ✓ Database Updated: Outcome = LOSS

Analyzing GBP_USD | Entry: 2026-03-17 17:00:00 | Price: 1.33474
 → LOSS | SL hit at 2026-03-18 04:52:00 (High: 1.33654)
 ✓ Database Updated: Outcome = LOSS

[2026-03-18 13:00:02.177013] Auditor FINISHED. Updated 7 trade records.
[2026-03-18 17:00:00.917690] 🔥 Scalable Brain M1 Auditor STARTED

Found 4 unresolved active trades.

Analyzing EUR_USD | Entry: 2026-03-18 13:00:00 | Price: 1.15068
 → LOSS | SL hit at 2026-03-18 13:15:00 (Low: 1.14926)
 ✓ Database Updated: Outcome = LOSS

Analyzing GBP_USD | Entry: 2026-03-18 13:00:00 | Price: 1.33148
 → PENDING | Trade is still active as of right now.
Analyzing USD_JPY | Entry: 2026-03-18 13:00:00 | Price: 159.43800
 → PENDING | Trade is still active as of right now.
Analyzing USD_JPY | Entry: 2026-03-18 14:00:00 | Price: 159.47800
 → PENDING | Trade is still active as of right now.
[2026-03-18 17:00:03.227775] Auditor FINISHED. Updated 1 trade records.
[2026-03-18 21:00:00.863906] 🔥 Scalable Brain M1 Auditor STARTED

Found 8 unresolved active trades.

Analyzing GBP_USD | Entry: 2026-03-18 13:00:00 | Price: 1.33148
 → LOSS | SL hit at 2026-03-18 18:55:00 (Low: 1.32984)
 ✓ Database Updated: Outcome = LOSS

Analyzing USD_JPY | Entry: 2026-03-18 13:00:00 | Price: 159.43800
 → LOSS | SL hit at 2026-03-18 18:45:00 (High: 159.63)
 ✓ Database Updated: Outcome = LOSS

Analyzing USD_JPY | Entry: 2026-03-18 14:00:00 | Price: 159.47800
 → LOSS | SL hit at 2026-03-18 18:50:00 (High: 159.667)
 ✓ Database Updated: Outcome = LOSS

Analyzing EUR_USD | Entry: 2026-03-18 19:00:00 | Price: 1.14768
 → LOSS | SL hit at 2026-03-18 20:18:00 (Low: 1.14589)
 ✓ Database Updated: Outcome = LOSS

Analyzing GBP_USD | Entry: 2026-03-18 19:00:00 | Price: 1.32894
 → LOSS | SL hit at 2026-03-18 20:11:00 (Low: 1.32678)
 ✓ Database Updated: Outcome = LOSS

Analyzing EUR_USD | Entry: 2026-03-18 20:00:00 | Price: 1.14690
 → LOSS | SL hit at 2026-03-18 20:28:00 (Low: 1.1452)
 ✓ Database Updated: Outcome = LOSS

Analyzing EUR_USD | Entry: 2026-03-18 20:00:00 | Price: 1.14690
 → LOSS | SL hit at 2026-03-18 20:28:00 (Low: 1.1452)
 ✓ Database Updated: Outcome = LOSS

Analyzing GBP_USD | Entry: 2026-03-18 20:00:00 | Price: 1.32762
 → LOSS | SL hit at 2026-03-18 20:28:00 (Low: 1.32554)
 ✓ Database Updated: Outcome = LOSS

[2026-03-18 21:00:03.121362] Auditor FINISHED. Updated 8 trade records.
[2026-03-19 00:00:00.970789] 🔥 Scalable Brain M1 Auditor STARTED

Found 6 unresolved active trades.

Analyzing EUR_USD | Entry: 2026-03-18 20:00:00 | Price: 1.14516
 → PENDING | Trade is still active as of right now.
Analyzing EUR_USD | Entry: 2026-03-18 20:00:00 | Price: 1.14516
 → PENDING | Trade is still active as of right now.
Analyzing GBP_USD | Entry: 2026-03-18 20:00:00 | Price: 1.32576
 → PENDING | Trade is still active as of right now.
Analyzing GBP_USD | Entry: 2026-03-18 20:00:00 | Price: 1.32576
 → PENDING | Trade is still active as of right now.
Analyzing EUR_USD | Entry: 2026-03-18 22:00:00 | Price: 1.14618
 → PENDING | Trade is still active as of right now.
Analyzing EUR_USD | Entry: 2026-03-18 23:00:00 | Price: 1.14567
 → PENDING | Trade is still active as of right now.
[2026-03-19 00:00:04.975352] Auditor FINISHED. Updated 0 trade records.
[2026-03-19 04:00:00.660300] 🔥 Scalable Brain M1 Auditor STARTED

Found 10 unresolved active trades.

Analyzing EUR_USD | Entry: 2026-03-18 20:00:00 | Price: 1.14516
 → PENDING | Trade is still active as of right now.
Analyzing EUR_USD | Entry: 2026-03-18 20:00:00 | Price: 1.14516
 → PENDING | Trade is still active as of right now.
Analyzing GBP_USD | Entry: 2026-03-18 20:00:00 | Price: 1.32576
 → PENDING | Trade is still active as of right now.
Analyzing GBP_USD | Entry: 2026-03-18 20:00:00 | Price: 1.32576
 → PENDING | Trade is still active as of right now.
Analyzing EUR_USD | Entry: 2026-03-18 22:00:00 | Price: 1.14618
 → LOSS | SL hit at 2026-03-19 01:29:00 (High: 1.14798)
 ✓ Database Updated: Outcome = LOSS

Analyzing EUR_USD | Entry: 2026-03-18 23:00:00 | Price: 1.14567
 → LOSS | SL hit at 2026-03-19 00:59:00 (High: 1.14744)
 ✓ Database Updated: Outcome = LOSS

Analyzing EUR_USD | Entry: 2026-03-19 00:00:00 | Price: 1.14627
 → LOSS | SL hit at 2026-03-19 01:29:00 (High: 1.14798)
 ✓ Database Updated: Outcome = LOSS

Analyzing EUR_USD | Entry: 2026-03-19 01:00:00 | Price: 1.14739
 → LOSS | SL hit at 2026-03-19 02:19:00 (High: 1.14906)
 ✓ Database Updated: Outcome = LOSS

Analyzing EUR_USD | Entry: 2026-03-19 02:00:00 | Price: 1.14764
 → PENDING | Trade is still active as of right now.
Analyzing EUR_USD | Entry: 2026-03-19 03:00:00 | Price: 1.14822
 → PENDING | Trade is still active as of right now.
[2026-03-19 04:00:05.575649] Auditor FINISHED. Updated 4 trade records.
[2026-03-19 13:00:00.235341] 🔥 Scalable Brain M1 Auditor STARTED

Found 12 unresolved active trades.

Analyzing EUR_USD | Entry: 2026-03-18 20:00:00 | Price: 1.14516
 → PENDING | Trade is still active as of right now.
Analyzing EUR_USD | Entry: 2026-03-18 20:00:00 | Price: 1.14516
 → PENDING | Trade is still active as of right now.
Analyzing GBP_USD | Entry: 2026-03-18 20:00:00 | Price: 1.32576
 → PENDING | Trade is still active as of right now.
Analyzing GBP_USD | Entry: 2026-03-18 20:00:00 | Price: 1.32576
 → PENDING | Trade is still active as of right now.
Analyzing EUR_USD | Entry: 2026-03-19 02:00:00 | Price: 1.14764
 → PENDING | Trade is still active as of right now.
Analyzing EUR_USD | Entry: 2026-03-19 03:00:00 | Price: 1.14822
 → PENDING | Trade is still active as of right now.
Analyzing EUR_USD | Entry: 2026-03-19 08:00:00 | Price: 1.14526
 → PENDING | Trade is still active as of right now.
Analyzing USD_JPY | Entry: 2026-03-19 08:00:00 | Price: 159.24800
 → LOSS | SL hit at 2026-03-19 08:12:00 (Low: 159.067)
 ✓ Database Updated: Outcome = LOSS

Analyzing EUR_USD | Entry: 2026-03-19 09:00:00 | Price: 1.14522
 → PENDING | Trade is still active as of right now.
Analyzing USD_JPY | Entry: 2026-03-19 09:00:00 | Price: 159.18000
 → LOSS | SL hit at 2026-03-19 12:07:00 (Low: 158.949)
 ✓ Database Updated: Outcome = LOSS

Analyzing USD_JPY | Entry: 2026-03-19 10:00:00 | Price: 159.15600
 → LOSS | SL hit at 2026-03-19 12:07:00 (Low: 158.949)
 ✓ Database Updated: Outcome = LOSS

Analyzing GBP_USD | Entry: 2026-03-19 12:00:00 | Price: 1.33074
 → PENDING | Trade is still active as of right now.
[2026-03-19 13:00:07.251933] Auditor FINISHED. Updated 3 trade records.
[2026-03-19 17:00:01.067036] 🔥 Scalable Brain M1 Auditor STARTED

Found 13 unresolved active trades.

Analyzing EUR_USD | Entry: 2026-03-18 20:00:00 | Price: 1.14516
 → WIN | TP hit at 2026-03-19 13:53:00 (High: 1.15078)
 ✓ Database Updated: Outcome = WIN

Analyzing EUR_USD | Entry: 2026-03-18 20:00:00 | Price: 1.14516
 → WIN | TP hit at 2026-03-19 13:53:00 (High: 1.15078)
 ✓ Database Updated: Outcome = WIN

Analyzing GBP_USD | Entry: 2026-03-18 20:00:00 | Price: 1.32576
 → WIN | TP hit at 2026-03-19 13:50:00 (High: 1.3328)
 ✓ Database Updated: Outcome = WIN

Analyzing GBP_USD | Entry: 2026-03-18 20:00:00 | Price: 1.32576
 → WIN | TP hit at 2026-03-19 13:50:00 (High: 1.3328)
 ✓ Database Updated: Outcome = WIN

Analyzing EUR_USD | Entry: 2026-03-19 02:00:00 | Price: 1.14764
 → LOSS | SL hit at 2026-03-19 13:04:00 (High: 1.14949)
 ✓ Database Updated: Outcome = LOSS

Analyzing EUR_USD | Entry: 2026-03-19 03:00:00 | Price: 1.14822
 → LOSS | SL hit at 2026-03-19 13:20:00 (High: 1.15047)
 ✓ Database Updated: Outcome = LOSS

Analyzing EUR_USD | Entry: 2026-03-19 08:00:00 | Price: 1.14526
 → WIN | TP hit at 2026-03-19 13:19:00 (High: 1.14979)
 ✓ Database Updated: Outcome = WIN

Analyzing EUR_USD | Entry: 2026-03-19 09:00:00 | Price: 1.14522
 → WIN | TP hit at 2026-03-19 13:19:00 (High: 1.14979)
 ✓ Database Updated: Outcome = WIN

Analyzing GBP_USD | Entry: 2026-03-19 12:00:00 | Price: 1.33074
 → LOSS | SL hit at 2026-03-19 13:50:00 (High: 1.3328)
 ✓ Database Updated: Outcome = LOSS

Analyzing EUR_USD | Entry: 2026-03-19 13:00:00 | Price: 1.14878
 → LOSS | SL hit at 2026-03-19 13:20:00 (High: 1.15047)
 ✓ Database Updated: Outcome = LOSS

Analyzing GBP_USD | Entry: 2026-03-19 13:00:00 | Price: 1.32986
 → LOSS | SL hit at 2026-03-19 13:19:00 (High: 1.33192)
 ✓ Database Updated: Outcome = LOSS

Analyzing EUR_USD | Entry: 2026-03-19 14:00:00 | Price: 1.15186
 → LOSS | SL hit at 2026-03-19 15:06:00 (High: 1.1539)
 ✓ Database Updated: Outcome = LOSS

Analyzing EUR_USD | Entry: 2026-03-19 15:00:00 | Price: 1.15157
 → LOSS | SL hit at 2026-03-19 15:06:00 (High: 1.1539)
 ✓ Database Updated: Outcome = LOSS

[2026-03-19 17:00:05.541135] Auditor FINISHED. Updated 13 trade records.
[2026-03-19 21:00:00.315282] 🔥 Scalable Brain M1 Auditor STARTED

Traceback (most recent call last):
  File "/home/eem/Documents/trading_system/src/layer6_auditor/trade_auditor.py", line 183, in <module>
    main()
  File "/home/eem/Documents/trading_system/src/layer6_auditor/trade_auditor.py", line 124, in main
    conn = get_db_connection()
           ^^^^^^^^^^^^^^^^^^^
  File "/home/eem/Documents/trading_system/src/layer6_auditor/trade_auditor.py", line 37, in get_db_connection
    return pyodbc.connect(conn_str, autocommit=True)
           ^^^^^^^^^^^^^^^^^^^^^^^^^^^^^^^^^^^^^^^^^
pyodbc.OperationalError: ('HYT00', '[HYT00] [Microsoft][ODBC Driver 17 for SQL Server]Login timeout expired (0) (SQLDriverConnect)')
[2026-03-20 00:00:01.047585] 🔥 Scalable Brain M1 Auditor STARTED

Traceback (most recent call last):
  File "/home/eem/Documents/trading_system/src/layer6_auditor/trade_auditor.py", line 183, in <module>
    main()
  File "/home/eem/Documents/trading_system/src/layer6_auditor/trade_auditor.py", line 124, in main
    conn = get_db_connection()
           ^^^^^^^^^^^^^^^^^^^
  File "/home/eem/Documents/trading_system/src/layer6_auditor/trade_auditor.py", line 37, in get_db_connection
    return pyodbc.connect(conn_str, autocommit=True)
           ^^^^^^^^^^^^^^^^^^^^^^^^^^^^^^^^^^^^^^^^^
pyodbc.OperationalError: ('HYT00', '[HYT00] [Microsoft][ODBC Driver 17 for SQL Server]Login timeout expired (0) (SQLDriverConnect)')
[2026-03-20 04:00:00.362278] 🔥 Scalable Brain M1 Auditor STARTED

Traceback (most recent call last):
  File "/home/eem/Documents/trading_system/src/layer6_auditor/trade_auditor.py", line 183, in <module>
    main()
  File "/home/eem/Documents/trading_system/src/layer6_auditor/trade_auditor.py", line 124, in main
    conn = get_db_connection()
           ^^^^^^^^^^^^^^^^^^^
  File "/home/eem/Documents/trading_system/src/layer6_auditor/trade_auditor.py", line 37, in get_db_connection
    return pyodbc.connect(conn_str, autocommit=True)
           ^^^^^^^^^^^^^^^^^^^^^^^^^^^^^^^^^^^^^^^^^
pyodbc.OperationalError: ('HYT00', '[HYT00] [Microsoft][ODBC Driver 17 for SQL Server]Login timeout expired (0) (SQLDriverConnect)')
[2026-03-20 13:00:00.755848] 🔥 Scalable Brain M1 Auditor STARTED

Traceback (most recent call last):
  File "/home/eem/Documents/trading_system/src/layer6_auditor/trade_auditor.py", line 183, in <module>
    main()
  File "/home/eem/Documents/trading_system/src/layer6_auditor/trade_auditor.py", line 124, in main
    conn = get_db_connection()
           ^^^^^^^^^^^^^^^^^^^
  File "/home/eem/Documents/trading_system/src/layer6_auditor/trade_auditor.py", line 37, in get_db_connection
    return pyodbc.connect(conn_str, autocommit=True)
           ^^^^^^^^^^^^^^^^^^^^^^^^^^^^^^^^^^^^^^^^^
pyodbc.OperationalError: ('HYT00', '[HYT00] [Microsoft][ODBC Driver 17 for SQL Server]Login timeout expired (0) (SQLDriverConnect)')
[2026-03-20 17:00:00.174028] 🔥 Scalable Brain M1 Auditor STARTED

Traceback (most recent call last):
  File "/home/eem/Documents/trading_system/src/layer6_auditor/trade_auditor.py", line 183, in <module>
    main()
  File "/home/eem/Documents/trading_system/src/layer6_auditor/trade_auditor.py", line 124, in main
    conn = get_db_connection()
           ^^^^^^^^^^^^^^^^^^^
  File "/home/eem/Documents/trading_system/src/layer6_auditor/trade_auditor.py", line 37, in get_db_connection
    return pyodbc.connect(conn_str, autocommit=True)
           ^^^^^^^^^^^^^^^^^^^^^^^^^^^^^^^^^^^^^^^^^
pyodbc.OperationalError: ('HYT00', '[HYT00] [Microsoft][ODBC Driver 17 for SQL Server]Login timeout expired (0) (SQLDriverConnect)')
[2026-03-20 21:00:00.675684] 🔥 Scalable Brain M1 Auditor STARTED

Traceback (most recent call last):
  File "/home/eem/Documents/trading_system/src/layer6_auditor/trade_auditor.py", line 183, in <module>
    main()
  File "/home/eem/Documents/trading_system/src/layer6_auditor/trade_auditor.py", line 124, in main
    conn = get_db_connection()
           ^^^^^^^^^^^^^^^^^^^
  File "/home/eem/Documents/trading_system/src/layer6_auditor/trade_auditor.py", line 37, in get_db_connection
    return pyodbc.connect(conn_str, autocommit=True)
           ^^^^^^^^^^^^^^^^^^^^^^^^^^^^^^^^^^^^^^^^^
pyodbc.OperationalError: ('HYT00', '[HYT00] [Microsoft][ODBC Driver 17 for SQL Server]Login timeout expired (0) (SQLDriverConnect)')
[2026-03-21 00:00:01.074848] 🔥 Scalable Brain M1 Auditor STARTED

Traceback (most recent call last):
  File "/home/eem/Documents/trading_system/src/layer6_auditor/trade_auditor.py", line 183, in <module>
    main()
  File "/home/eem/Documents/trading_system/src/layer6_auditor/trade_auditor.py", line 124, in main
    conn = get_db_connection()
           ^^^^^^^^^^^^^^^^^^^
  File "/home/eem/Documents/trading_system/src/layer6_auditor/trade_auditor.py", line 37, in get_db_connection
    return pyodbc.connect(conn_str, autocommit=True)
           ^^^^^^^^^^^^^^^^^^^^^^^^^^^^^^^^^^^^^^^^^
pyodbc.OperationalError: ('HYT00', '[HYT00] [Microsoft][ODBC Driver 17 for SQL Server]Login timeout expired (0) (SQLDriverConnect)')
[2026-03-21 04:00:00.630190] 🔥 Scalable Brain M1 Auditor STARTED

Traceback (most recent call last):
  File "/home/eem/Documents/trading_system/src/layer6_auditor/trade_auditor.py", line 183, in <module>
    main()
  File "/home/eem/Documents/trading_system/src/layer6_auditor/trade_auditor.py", line 124, in main
    conn = get_db_connection()
           ^^^^^^^^^^^^^^^^^^^
  File "/home/eem/Documents/trading_system/src/layer6_auditor/trade_auditor.py", line 37, in get_db_connection
    return pyodbc.connect(conn_str, autocommit=True)
           ^^^^^^^^^^^^^^^^^^^^^^^^^^^^^^^^^^^^^^^^^
pyodbc.OperationalError: ('HYT00', '[HYT00] [Microsoft][ODBC Driver 17 for SQL Server]Login timeout expired (0) (SQLDriverConnect)')
[2026-03-21 13:00:00.924544] 🔥 Scalable Brain M1 Auditor STARTED

Traceback (most recent call last):
  File "/home/eem/Documents/trading_system/src/layer6_auditor/trade_auditor.py", line 183, in <module>
    main()
  File "/home/eem/Documents/trading_system/src/layer6_auditor/trade_auditor.py", line 124, in main
    conn = get_db_connection()
           ^^^^^^^^^^^^^^^^^^^
  File "/home/eem/Documents/trading_system/src/layer6_auditor/trade_auditor.py", line 37, in get_db_connection
    return pyodbc.connect(conn_str, autocommit=True)
           ^^^^^^^^^^^^^^^^^^^^^^^^^^^^^^^^^^^^^^^^^
pyodbc.OperationalError: ('HYT00', '[HYT00] [Microsoft][ODBC Driver 17 for SQL Server]Login timeout expired (0) (SQLDriverConnect)')
[2026-03-21 17:00:00.974927] 🔥 Scalable Brain M1 Auditor STARTED

Found 3 unresolved active trades.

Analyzing EUR_USD | Entry: 2026-03-19 17:00:00 | Price: 1.15363
 → LOSS | SL hit at 2026-03-19 17:26:00 (High: 1.15594)
 ✓ Database Updated: Outcome = LOSS

Analyzing EUR_USD | Entry: 2026-03-20 20:00:00 | Price: 1.15711
 → PENDING | Trade is still active as of right now.
Analyzing EUR_USD | Entry: 2026-03-20 20:00:00 | Price: 1.15711
 → PENDING | Trade is still active as of right now.
[2026-03-21 17:00:03.517689] Auditor FINISHED. Updated 1 trade records.
[2026-03-21 21:00:00.797795] 🔥 Scalable Brain M1 Auditor STARTED

Found 5 unresolved active trades.

Analyzing EUR_USD | Entry: 2026-03-20 20:00:00 | Price: 1.15711
 → PENDING | Trade is still active as of right now.
Analyzing EUR_USD | Entry: 2026-03-20 20:00:00 | Price: 1.15711
 → PENDING | Trade is still active as of right now.
Analyzing EUR_USD | Entry: 2026-03-20 20:00:00 | Price: 1.15711
 → PENDING | Trade is still active as of right now.
Analyzing EUR_USD | Entry: 2026-03-20 20:00:00 | Price: 1.15711
 → PENDING | Trade is still active as of right now.
Analyzing EUR_USD | Entry: 2026-03-20 20:00:00 | Price: 1.15711
 → PENDING | Trade is still active as of right now.
[2026-03-21 21:00:04.650535] Auditor FINISHED. Updated 0 trade records.
[2026-03-22 00:00:00.739314] 🔥 Scalable Brain M1 Auditor STARTED

Found 8 unresolved active trades.

Analyzing EUR_USD | Entry: 2026-03-20 20:00:00 | Price: 1.15711
 → PENDING | Trade is still active as of right now.
Analyzing EUR_USD | Entry: 2026-03-20 20:00:00 | Price: 1.15711
 → PENDING | Trade is still active as of right now.
Analyzing EUR_USD | Entry: 2026-03-20 20:00:00 | Price: 1.15711
 → PENDING | Trade is still active as of right now.
Analyzing EUR_USD | Entry: 2026-03-20 20:00:00 | Price: 1.15711
 → PENDING | Trade is still active as of right now.
Analyzing EUR_USD | Entry: 2026-03-20 20:00:00 | Price: 1.15711
 → PENDING | Trade is still active as of right now.
Analyzing EUR_USD | Entry: 2026-03-20 20:00:00 | Price: 1.15711
 → PENDING | Trade is still active as of right now.
Analyzing EUR_USD | Entry: 2026-03-20 20:00:00 | Price: 1.15711
 → PENDING | Trade is still active as of right now.
Analyzing EUR_USD | Entry: 2026-03-20 20:00:00 | Price: 1.15711
 → PENDING | Trade is still active as of right now.
[2026-03-22 00:00:06.853154] Auditor FINISHED. Updated 0 trade records.
[2026-03-22 04:00:01.122187] 🔥 Scalable Brain M1 Auditor STARTED

Found 12 unresolved active trades.

Analyzing EUR_USD | Entry: 2026-03-20 20:00:00 | Price: 1.15711
 → PENDING | Trade is still active as of right now.
Analyzing EUR_USD | Entry: 2026-03-20 20:00:00 | Price: 1.15711
 → PENDING | Trade is still active as of right now.
Analyzing EUR_USD | Entry: 2026-03-20 20:00:00 | Price: 1.15711
 → PENDING | Trade is still active as of right now.
Analyzing EUR_USD | Entry: 2026-03-20 20:00:00 | Price: 1.15711
 → PENDING | Trade is still active as of right now.
Analyzing EUR_USD | Entry: 2026-03-20 20:00:00 | Price: 1.15711
 → PENDING | Trade is still active as of right now.
Analyzing EUR_USD | Entry: 2026-03-20 20:00:00 | Price: 1.15711
 → PENDING | Trade is still active as of right now.
Analyzing EUR_USD | Entry: 2026-03-20 20:00:00 | Price: 1.15711
 → PENDING | Trade is still active as of right now.
Analyzing EUR_USD | Entry: 2026-03-20 20:00:00 | Price: 1.15711
 → PENDING | Trade is still active as of right now.
Analyzing EUR_USD | Entry: 2026-03-20 20:00:00 | Price: 1.15711
 → PENDING | Trade is still active as of right now.
Analyzing EUR_USD | Entry: 2026-03-20 20:00:00 | Price: 1.15711
 → PENDING | Trade is still active as of right now.
Analyzing EUR_USD | Entry: 2026-03-20 20:00:00 | Price: 1.15711
 → PENDING | Trade is still active as of right now.
Analyzing EUR_USD | Entry: 2026-03-20 20:00:00 | Price: 1.15711
 → PENDING | Trade is still active as of right now.
[2026-03-22 04:00:09.486187] Auditor FINISHED. Updated 0 trade records.
[2026-03-22 13:00:00.612823] 🔥 Scalable Brain M1 Auditor STARTED

Found 21 unresolved active trades.

Analyzing EUR_USD | Entry: 2026-03-20 20:00:00 | Price: 1.15711
 → PENDING | Trade is still active as of right now.
Analyzing EUR_USD | Entry: 2026-03-20 20:00:00 | Price: 1.15711
 → PENDING | Trade is still active as of right now.
Analyzing EUR_USD | Entry: 2026-03-20 20:00:00 | Price: 1.15711
 → PENDING | Trade is still active as of right now.
Analyzing EUR_USD | Entry: 2026-03-20 20:00:00 | Price: 1.15711
 → PENDING | Trade is still active as of right now.
Analyzing EUR_USD | Entry: 2026-03-20 20:00:00 | Price: 1.15711
 → PENDING | Trade is still active as of right now.
Analyzing EUR_USD | Entry: 2026-03-20 20:00:00 | Price: 1.15711
 → PENDING | Trade is still active as of right now.
Analyzing EUR_USD | Entry: 2026-03-20 20:00:00 | Price: 1.15711
 → PENDING | Trade is still active as of right now.
Analyzing EUR_USD | Entry: 2026-03-20 20:00:00 | Price: 1.15711
 → PENDING | Trade is still active as of right now.
Analyzing EUR_USD | Entry: 2026-03-20 20:00:00 | Price: 1.15711
 → PENDING | Trade is still active as of right now.
Analyzing EUR_USD | Entry: 2026-03-20 20:00:00 | Price: 1.15711
 → PENDING | Trade is still active as of right now.
Analyzing EUR_USD | Entry: 2026-03-20 20:00:00 | Price: 1.15711
 → PENDING | Trade is still active as of right now.
Analyzing EUR_USD | Entry: 2026-03-20 20:00:00 | Price: 1.15711
 → PENDING | Trade is still active as of right now.
Analyzing EUR_USD | Entry: 2026-03-20 20:00:00 | Price: 1.15711
 → PENDING | Trade is still active as of right now.
Analyzing EUR_USD | Entry: 2026-03-20 20:00:00 | Price: 1.15711
 → PENDING | Trade is still active as of right now.
Analyzing EUR_USD | Entry: 2026-03-20 20:00:00 | Price: 1.15711
 → PENDING | Trade is still active as of right now.
Analyzing EUR_USD | Entry: 2026-03-20 20:00:00 | Price: 1.15711
 → PENDING | Trade is still active as of right now.
Analyzing EUR_USD | Entry: 2026-03-20 20:00:00 | Price: 1.15711
 → PENDING | Trade is still active as of right now.
Analyzing EUR_USD | Entry: 2026-03-20 20:00:00 | Price: 1.15711
 → PENDING | Trade is still active as of right now.
Analyzing EUR_USD | Entry: 2026-03-20 20:00:00 | Price: 1.15711
 → PENDING | Trade is still active as of right now.
Analyzing EUR_USD | Entry: 2026-03-20 20:00:00 | Price: 1.15711
 → PENDING | Trade is still active as of right now.
Analyzing EUR_USD | Entry: 2026-03-20 20:00:00 | Price: 1.15711
 → PENDING | Trade is still active as of right now.
[2026-03-22 13:00:13.349749] Auditor FINISHED. Updated 0 trade records.
[2026-03-22 17:00:00.288026] 🔥 Scalable Brain M1 Auditor STARTED

Found 25 unresolved active trades.

Analyzing EUR_USD | Entry: 2026-03-20 20:00:00 | Price: 1.15711
 → PENDING | Trade is still active as of right now.
Analyzing EUR_USD | Entry: 2026-03-20 20:00:00 | Price: 1.15711
 → PENDING | Trade is still active as of right now.
Analyzing EUR_USD | Entry: 2026-03-20 20:00:00 | Price: 1.15711
 → PENDING | Trade is still active as of right now.
Analyzing EUR_USD | Entry: 2026-03-20 20:00:00 | Price: 1.15711
 → PENDING | Trade is still active as of right now.
Analyzing EUR_USD | Entry: 2026-03-20 20:00:00 | Price: 1.15711
 → PENDING | Trade is still active as of right now.
Analyzing EUR_USD | Entry: 2026-03-20 20:00:00 | Price: 1.15711
 → PENDING | Trade is still active as of right now.
Analyzing EUR_USD | Entry: 2026-03-20 20:00:00 | Price: 1.15711
 → PENDING | Trade is still active as of right now.
Analyzing EUR_USD | Entry: 2026-03-20 20:00:00 | Price: 1.15711
 → PENDING | Trade is still active as of right now.
Analyzing EUR_USD | Entry: 2026-03-20 20:00:00 | Price: 1.15711
 → PENDING | Trade is still active as of right now.
Analyzing EUR_USD | Entry: 2026-03-20 20:00:00 | Price: 1.15711
 → PENDING | Trade is still active as of right now.
Analyzing EUR_USD | Entry: 2026-03-20 20:00:00 | Price: 1.15711
 → PENDING | Trade is still active as of right now.
Analyzing EUR_USD | Entry: 2026-03-20 20:00:00 | Price: 1.15711
 → PENDING | Trade is still active as of right now.
Analyzing EUR_USD | Entry: 2026-03-20 20:00:00 | Price: 1.15711
 → PENDING | Trade is still active as of right now.
Analyzing EUR_USD | Entry: 2026-03-20 20:00:00 | Price: 1.15711
 → PENDING | Trade is still active as of right now.
Analyzing EUR_USD | Entry: 2026-03-20 20:00:00 | Price: 1.15711
 → PENDING | Trade is still active as of right now.
Analyzing EUR_USD | Entry: 2026-03-20 20:00:00 | Price: 1.15711
 → PENDING | Trade is still active as of right now.
Analyzing EUR_USD | Entry: 2026-03-20 20:00:00 | Price: 1.15711
 → PENDING | Trade is still active as of right now.
Analyzing EUR_USD | Entry: 2026-03-20 20:00:00 | Price: 1.15711
 → PENDING | Trade is still active as of right now.
Analyzing EUR_USD | Entry: 2026-03-20 20:00:00 | Price: 1.15711
 → PENDING | Trade is still active as of right now.
Analyzing EUR_USD | Entry: 2026-03-20 20:00:00 | Price: 1.15711
 → PENDING | Trade is still active as of right now.
Analyzing EUR_USD | Entry: 2026-03-20 20:00:00 | Price: 1.15711
 → PENDING | Trade is still active as of right now.
Analyzing EUR_USD | Entry: 2026-03-20 20:00:00 | Price: 1.15711
 → PENDING | Trade is still active as of right now.
Analyzing EUR_USD | Entry: 2026-03-20 20:00:00 | Price: 1.15711
 → PENDING | Trade is still active as of right now.
Analyzing EUR_USD | Entry: 2026-03-20 20:00:00 | Price: 1.15711
 → PENDING | Trade is still active as of right now.
Analyzing EUR_USD | Entry: 2026-03-20 20:00:00 | Price: 1.15711
 → PENDING | Trade is still active as of right now.
[2026-03-22 17:00:16.109379] Auditor FINISHED. Updated 0 trade records.
[2026-03-22 21:00:00.955983] 🔥 Scalable Brain M1 Auditor STARTED

Found 26 unresolved active trades.

Analyzing EUR_USD | Entry: 2026-03-20 20:00:00 | Price: 1.15711
 → OANDA API Error during chunk 2026-03-20 20:00:00: HTTPSConnectionPool(host='api-fxpractice.oanda.com', port=443): Max retries exceeded with url: /v3/instruments/EUR_USD/candles?granularity=M1&price=M&from=2026-03-20T20%3A00%3A00.000000Z&to=2026-03-22T21%3A00%3A00.000000Z (Caused by NameResolutionError("HTTPSConnection(host='api-fxpractice.oanda.com', port=443): Failed to resolve 'api-fxpractice.oanda.com' ([Errno -3] Temporary failure in name resolution)"))
Analyzing EUR_USD | Entry: 2026-03-20 20:00:00 | Price: 1.15711
 → OANDA API Error during chunk 2026-03-20 20:00:00: HTTPSConnectionPool(host='api-fxpractice.oanda.com', port=443): Max retries exceeded with url: /v3/instruments/EUR_USD/candles?granularity=M1&price=M&from=2026-03-20T20%3A00%3A00.000000Z&to=2026-03-22T21%3A00%3A00.000000Z (Caused by NameResolutionError("HTTPSConnection(host='api-fxpractice.oanda.com', port=443): Failed to resolve 'api-fxpractice.oanda.com' ([Errno -3] Temporary failure in name resolution)"))
Analyzing EUR_USD | Entry: 2026-03-20 20:00:00 | Price: 1.15711
 → OANDA API Error during chunk 2026-03-20 20:00:00: HTTPSConnectionPool(host='api-fxpractice.oanda.com', port=443): Max retries exceeded with url: /v3/instruments/EUR_USD/candles?granularity=M1&price=M&from=2026-03-20T20%3A00%3A00.000000Z&to=2026-03-22T21%3A00%3A00.000000Z (Caused by NameResolutionError("HTTPSConnection(host='api-fxpractice.oanda.com', port=443): Failed to resolve 'api-fxpractice.oanda.com' ([Errno -3] Temporary failure in name resolution)"))
Analyzing EUR_USD | Entry: 2026-03-20 20:00:00 | Price: 1.15711
 → OANDA API Error during chunk 2026-03-20 20:00:00: HTTPSConnectionPool(host='api-fxpractice.oanda.com', port=443): Max retries exceeded with url: /v3/instruments/EUR_USD/candles?granularity=M1&price=M&from=2026-03-20T20%3A00%3A00.000000Z&to=2026-03-22T21%3A00%3A00.000000Z (Caused by NameResolutionError("HTTPSConnection(host='api-fxpractice.oanda.com', port=443): Failed to resolve 'api-fxpractice.oanda.com' ([Errno -3] Temporary failure in name resolution)"))
Analyzing EUR_USD | Entry: 2026-03-20 20:00:00 | Price: 1.15711
 → OANDA API Error during chunk 2026-03-20 20:00:00: HTTPSConnectionPool(host='api-fxpractice.oanda.com', port=443): Max retries exceeded with url: /v3/instruments/EUR_USD/candles?granularity=M1&price=M&from=2026-03-20T20%3A00%3A00.000000Z&to=2026-03-22T21%3A00%3A00.000000Z (Caused by NameResolutionError("HTTPSConnection(host='api-fxpractice.oanda.com', port=443): Failed to resolve 'api-fxpractice.oanda.com' ([Errno -3] Temporary failure in name resolution)"))
Analyzing EUR_USD | Entry: 2026-03-20 20:00:00 | Price: 1.15711
 → OANDA API Error during chunk 2026-03-20 20:00:00: HTTPSConnectionPool(host='api-fxpractice.oanda.com', port=443): Max retries exceeded with url: /v3/instruments/EUR_USD/candles?granularity=M1&price=M&from=2026-03-20T20%3A00%3A00.000000Z&to=2026-03-22T21%3A00%3A00.000000Z (Caused by NameResolutionError("HTTPSConnection(host='api-fxpractice.oanda.com', port=443): Failed to resolve 'api-fxpractice.oanda.com' ([Errno -3] Temporary failure in name resolution)"))
Analyzing EUR_USD | Entry: 2026-03-20 20:00:00 | Price: 1.15711
 → OANDA API Error during chunk 2026-03-20 20:00:00: HTTPSConnectionPool(host='api-fxpractice.oanda.com', port=443): Max retries exceeded with url: /v3/instruments/EUR_USD/candles?granularity=M1&price=M&from=2026-03-20T20%3A00%3A00.000000Z&to=2026-03-22T21%3A00%3A00.000000Z (Caused by NameResolutionError("HTTPSConnection(host='api-fxpractice.oanda.com', port=443): Failed to resolve 'api-fxpractice.oanda.com' ([Errno -3] Temporary failure in name resolution)"))
Analyzing EUR_USD | Entry: 2026-03-20 20:00:00 | Price: 1.15711
 → OANDA API Error during chunk 2026-03-20 20:00:00: HTTPSConnectionPool(host='api-fxpractice.oanda.com', port=443): Max retries exceeded with url: /v3/instruments/EUR_USD/candles?granularity=M1&price=M&from=2026-03-20T20%3A00%3A00.000000Z&to=2026-03-22T21%3A00%3A00.000000Z (Caused by NameResolutionError("HTTPSConnection(host='api-fxpractice.oanda.com', port=443): Failed to resolve 'api-fxpractice.oanda.com' ([Errno -3] Temporary failure in name resolution)"))
Analyzing EUR_USD | Entry: 2026-03-20 20:00:00 | Price: 1.15711
 → OANDA API Error during chunk 2026-03-20 20:00:00: HTTPSConnectionPool(host='api-fxpractice.oanda.com', port=443): Max retries exceeded with url: /v3/instruments/EUR_USD/candles?granularity=M1&price=M&from=2026-03-20T20%3A00%3A00.000000Z&to=2026-03-22T21%3A00%3A00.000000Z (Caused by NameResolutionError("HTTPSConnection(host='api-fxpractice.oanda.com', port=443): Failed to resolve 'api-fxpractice.oanda.com' ([Errno -3] Temporary failure in name resolution)"))
Analyzing EUR_USD | Entry: 2026-03-20 20:00:00 | Price: 1.15711
 → OANDA API Error during chunk 2026-03-20 20:00:00: HTTPSConnectionPool(host='api-fxpractice.oanda.com', port=443): Max retries exceeded with url: /v3/instruments/EUR_USD/candles?granularity=M1&price=M&from=2026-03-20T20%3A00%3A00.000000Z&to=2026-03-22T21%3A00%3A00.000000Z (Caused by NameResolutionError("HTTPSConnection(host='api-fxpractice.oanda.com', port=443): Failed to resolve 'api-fxpractice.oanda.com' ([Errno -3] Temporary failure in name resolution)"))
Analyzing EUR_USD | Entry: 2026-03-20 20:00:00 | Price: 1.15711
 → OANDA API Error during chunk 2026-03-20 20:00:00: HTTPSConnectionPool(host='api-fxpractice.oanda.com', port=443): Max retries exceeded with url: /v3/instruments/EUR_USD/candles?granularity=M1&price=M&from=2026-03-20T20%3A00%3A00.000000Z&to=2026-03-22T21%3A00%3A00.000000Z (Caused by NameResolutionError("HTTPSConnection(host='api-fxpractice.oanda.com', port=443): Failed to resolve 'api-fxpractice.oanda.com' ([Errno -3] Temporary failure in name resolution)"))
Analyzing EUR_USD | Entry: 2026-03-20 20:00:00 | Price: 1.15711
 → OANDA API Error during chunk 2026-03-20 20:00:00: HTTPSConnectionPool(host='api-fxpractice.oanda.com', port=443): Max retries exceeded with url: /v3/instruments/EUR_USD/candles?granularity=M1&price=M&from=2026-03-20T20%3A00%3A00.000000Z&to=2026-03-22T21%3A00%3A00.000000Z (Caused by NameResolutionError("HTTPSConnection(host='api-fxpractice.oanda.com', port=443): Failed to resolve 'api-fxpractice.oanda.com' ([Errno -3] Temporary failure in name resolution)"))
Analyzing EUR_USD | Entry: 2026-03-20 20:00:00 | Price: 1.15711
 → OANDA API Error during chunk 2026-03-20 20:00:00: HTTPSConnectionPool(host='api-fxpractice.oanda.com', port=443): Max retries exceeded with url: /v3/instruments/EUR_USD/candles?granularity=M1&price=M&from=2026-03-20T20%3A00%3A00.000000Z&to=2026-03-22T21%3A00%3A00.000000Z (Caused by NameResolutionError("HTTPSConnection(host='api-fxpractice.oanda.com', port=443): Failed to resolve 'api-fxpractice.oanda.com' ([Errno -3] Temporary failure in name resolution)"))
Analyzing EUR_USD | Entry: 2026-03-20 20:00:00 | Price: 1.15711
 → OANDA API Error during chunk 2026-03-20 20:00:00: HTTPSConnectionPool(host='api-fxpractice.oanda.com', port=443): Max retries exceeded with url: /v3/instruments/EUR_USD/candles?granularity=M1&price=M&from=2026-03-20T20%3A00%3A00.000000Z&to=2026-03-22T21%3A00%3A00.000000Z (Caused by NameResolutionError("HTTPSConnection(host='api-fxpractice.oanda.com', port=443): Failed to resolve 'api-fxpractice.oanda.com' ([Errno -3] Temporary failure in name resolution)"))
Analyzing EUR_USD | Entry: 2026-03-20 20:00:00 | Price: 1.15711
 → OANDA API Error during chunk 2026-03-20 20:00:00: HTTPSConnectionPool(host='api-fxpractice.oanda.com', port=443): Max retries exceeded with url: /v3/instruments/EUR_USD/candles?granularity=M1&price=M&from=2026-03-20T20%3A00%3A00.000000Z&to=2026-03-22T21%3A00%3A00.000000Z (Caused by NameResolutionError("HTTPSConnection(host='api-fxpractice.oanda.com', port=443): Failed to resolve 'api-fxpractice.oanda.com' ([Errno -3] Temporary failure in name resolution)"))
Analyzing EUR_USD | Entry: 2026-03-20 20:00:00 | Price: 1.15711
 → OANDA API Error during chunk 2026-03-20 20:00:00: HTTPSConnectionPool(host='api-fxpractice.oanda.com', port=443): Max retries exceeded with url: /v3/instruments/EUR_USD/candles?granularity=M1&price=M&from=2026-03-20T20%3A00%3A00.000000Z&to=2026-03-22T21%3A00%3A00.000000Z (Caused by NameResolutionError("HTTPSConnection(host='api-fxpractice.oanda.com', port=443): Failed to resolve 'api-fxpractice.oanda.com' ([Errno -3] Temporary failure in name resolution)"))
Analyzing EUR_USD | Entry: 2026-03-20 20:00:00 | Price: 1.15711
 → OANDA API Error during chunk 2026-03-20 20:00:00: HTTPSConnectionPool(host='api-fxpractice.oanda.com', port=443): Max retries exceeded with url: /v3/instruments/EUR_USD/candles?granularity=M1&price=M&from=2026-03-20T20%3A00%3A00.000000Z&to=2026-03-22T21%3A00%3A00.000000Z (Caused by NameResolutionError("HTTPSConnection(host='api-fxpractice.oanda.com', port=443): Failed to resolve 'api-fxpractice.oanda.com' ([Errno -3] Temporary failure in name resolution)"))
Analyzing EUR_USD | Entry: 2026-03-20 20:00:00 | Price: 1.15711
 → OANDA API Error during chunk 2026-03-20 20:00:00: HTTPSConnectionPool(host='api-fxpractice.oanda.com', port=443): Max retries exceeded with url: /v3/instruments/EUR_USD/candles?granularity=M1&price=M&from=2026-03-20T20%3A00%3A00.000000Z&to=2026-03-22T21%3A00%3A00.000000Z (Caused by NameResolutionError("HTTPSConnection(host='api-fxpractice.oanda.com', port=443): Failed to resolve 'api-fxpractice.oanda.com' ([Errno -3] Temporary failure in name resolution)"))
Analyzing EUR_USD | Entry: 2026-03-20 20:00:00 | Price: 1.15711
 → OANDA API Error during chunk 2026-03-20 20:00:00: HTTPSConnectionPool(host='api-fxpractice.oanda.com', port=443): Max retries exceeded with url: /v3/instruments/EUR_USD/candles?granularity=M1&price=M&from=2026-03-20T20%3A00%3A00.000000Z&to=2026-03-22T21%3A00%3A00.000000Z (Caused by NameResolutionError("HTTPSConnection(host='api-fxpractice.oanda.com', port=443): Failed to resolve 'api-fxpractice.oanda.com' ([Errno -3] Temporary failure in name resolution)"))
Analyzing EUR_USD | Entry: 2026-03-20 20:00:00 | Price: 1.15711
 → OANDA API Error during chunk 2026-03-20 20:00:00: HTTPSConnectionPool(host='api-fxpractice.oanda.com', port=443): Max retries exceeded with url: /v3/instruments/EUR_USD/candles?granularity=M1&price=M&from=2026-03-20T20%3A00%3A00.000000Z&to=2026-03-22T21%3A00%3A00.000000Z (Caused by NameResolutionError("HTTPSConnection(host='api-fxpractice.oanda.com', port=443): Failed to resolve 'api-fxpractice.oanda.com' ([Errno -3] Temporary failure in name resolution)"))
Analyzing EUR_USD | Entry: 2026-03-20 20:00:00 | Price: 1.15711
 → OANDA API Error during chunk 2026-03-20 20:00:00: HTTPSConnectionPool(host='api-fxpractice.oanda.com', port=443): Max retries exceeded with url: /v3/instruments/EUR_USD/candles?granularity=M1&price=M&from=2026-03-20T20%3A00%3A00.000000Z&to=2026-03-22T21%3A00%3A00.000000Z (Caused by NameResolutionError("HTTPSConnection(host='api-fxpractice.oanda.com', port=443): Failed to resolve 'api-fxpractice.oanda.com' ([Errno -3] Temporary failure in name resolution)"))
Analyzing EUR_USD | Entry: 2026-03-20 20:00:00 | Price: 1.15711
 → OANDA API Error during chunk 2026-03-20 20:00:00: HTTPSConnectionPool(host='api-fxpractice.oanda.com', port=443): Max retries exceeded with url: /v3/instruments/EUR_USD/candles?granularity=M1&price=M&from=2026-03-20T20%3A00%3A00.000000Z&to=2026-03-22T21%3A00%3A00.000000Z (Caused by NameResolutionError("HTTPSConnection(host='api-fxpractice.oanda.com', port=443): Failed to resolve 'api-fxpractice.oanda.com' ([Errno -3] Temporary failure in name resolution)"))
Analyzing EUR_USD | Entry: 2026-03-20 20:00:00 | Price: 1.15711
 → OANDA API Error during chunk 2026-03-20 20:00:00: HTTPSConnectionPool(host='api-fxpractice.oanda.com', port=443): Max retries exceeded with url: /v3/instruments/EUR_USD/candles?granularity=M1&price=M&from=2026-03-20T20%3A00%3A00.000000Z&to=2026-03-22T21%3A00%3A00.000000Z (Caused by NameResolutionError("HTTPSConnection(host='api-fxpractice.oanda.com', port=443): Failed to resolve 'api-fxpractice.oanda.com' ([Errno -3] Temporary failure in name resolution)"))
Analyzing EUR_USD | Entry: 2026-03-20 20:00:00 | Price: 1.15711
 → OANDA API Error during chunk 2026-03-20 20:00:00: HTTPSConnectionPool(host='api-fxpractice.oanda.com', port=443): Max retries exceeded with url: /v3/instruments/EUR_USD/candles?granularity=M1&price=M&from=2026-03-20T20%3A00%3A00.000000Z&to=2026-03-22T21%3A00%3A00.000000Z (Caused by NameResolutionError("HTTPSConnection(host='api-fxpractice.oanda.com', port=443): Failed to resolve 'api-fxpractice.oanda.com' ([Errno -3] Temporary failure in name resolution)"))
Analyzing EUR_USD | Entry: 2026-03-20 20:00:00 | Price: 1.15711
 → OANDA API Error during chunk 2026-03-20 20:00:00: HTTPSConnectionPool(host='api-fxpractice.oanda.com', port=443): Max retries exceeded with url: /v3/instruments/EUR_USD/candles?granularity=M1&price=M&from=2026-03-20T20%3A00%3A00.000000Z&to=2026-03-22T21%3A00%3A01.000000Z (Caused by NameResolutionError("HTTPSConnection(host='api-fxpractice.oanda.com', port=443): Failed to resolve 'api-fxpractice.oanda.com' ([Errno -3] Temporary failure in name resolution)"))
Analyzing EUR_USD | Entry: 2026-03-20 20:00:00 | Price: 1.15711
 → OANDA API Error during chunk 2026-03-20 20:00:00: HTTPSConnectionPool(host='api-fxpractice.oanda.com', port=443): Max retries exceeded with url: /v3/instruments/EUR_USD/candles?granularity=M1&price=M&from=2026-03-20T20%3A00%3A00.000000Z&to=2026-03-22T21%3A00%3A01.000000Z (Caused by NameResolutionError("HTTPSConnection(host='api-fxpractice.oanda.com', port=443): Failed to resolve 'api-fxpractice.oanda.com' ([Errno -3] Temporary failure in name resolution)"))
[2026-03-22 21:00:01.001760] Auditor FINISHED. Updated 0 trade records.
[2026-03-23 00:00:00.773693] 🔥 Scalable Brain M1 Auditor STARTED

Traceback (most recent call last):
  File "/home/eem/Documents/trading_system/src/layer6_auditor/trade_auditor.py", line 183, in <module>
    main()
  File "/home/eem/Documents/trading_system/src/layer6_auditor/trade_auditor.py", line 124, in main
    conn = get_db_connection()
           ^^^^^^^^^^^^^^^^^^^
  File "/home/eem/Documents/trading_system/src/layer6_auditor/trade_auditor.py", line 37, in get_db_connection
    return pyodbc.connect(conn_str, autocommit=True)
           ^^^^^^^^^^^^^^^^^^^^^^^^^^^^^^^^^^^^^^^^^
pyodbc.OperationalError: ('HYT00', '[HYT00] [Microsoft][ODBC Driver 17 for SQL Server]Login timeout expired (0) (SQLDriverConnect)')
[2026-03-23 04:00:00.324947] 🔥 Scalable Brain M1 Auditor STARTED

Traceback (most recent call last):
  File "/home/eem/Documents/trading_system/src/layer6_auditor/trade_auditor.py", line 183, in <module>
    main()
  File "/home/eem/Documents/trading_system/src/layer6_auditor/trade_auditor.py", line 124, in main
    conn = get_db_connection()
           ^^^^^^^^^^^^^^^^^^^
  File "/home/eem/Documents/trading_system/src/layer6_auditor/trade_auditor.py", line 37, in get_db_connection
    return pyodbc.connect(conn_str, autocommit=True)
           ^^^^^^^^^^^^^^^^^^^^^^^^^^^^^^^^^^^^^^^^^
pyodbc.OperationalError: ('HYT00', '[HYT00] [Microsoft][ODBC Driver 17 for SQL Server]Login timeout expired (0) (SQLDriverConnect)')
[2026-03-23 13:00:00.827692] 🔥 Scalable Brain M1 Auditor STARTED

Traceback (most recent call last):
  File "/home/eem/Documents/trading_system/src/layer6_auditor/trade_auditor.py", line 183, in <module>
    main()
  File "/home/eem/Documents/trading_system/src/layer6_auditor/trade_auditor.py", line 124, in main
    conn = get_db_connection()
           ^^^^^^^^^^^^^^^^^^^
  File "/home/eem/Documents/trading_system/src/layer6_auditor/trade_auditor.py", line 37, in get_db_connection
    return pyodbc.connect(conn_str, autocommit=True)
           ^^^^^^^^^^^^^^^^^^^^^^^^^^^^^^^^^^^^^^^^^
pyodbc.OperationalError: ('HYT00', '[HYT00] [Microsoft][ODBC Driver 17 for SQL Server]Login timeout expired (0) (SQLDriverConnect)')
[2026-03-23 17:00:00.831573] 🔥 Scalable Brain M1 Auditor STARTED

Traceback (most recent call last):
  File "/home/eem/Documents/trading_system/src/layer6_auditor/trade_auditor.py", line 183, in <module>
    main()
  File "/home/eem/Documents/trading_system/src/layer6_auditor/trade_auditor.py", line 124, in main
    conn = get_db_connection()
           ^^^^^^^^^^^^^^^^^^^
  File "/home/eem/Documents/trading_system/src/layer6_auditor/trade_auditor.py", line 37, in get_db_connection
    return pyodbc.connect(conn_str, autocommit=True)
           ^^^^^^^^^^^^^^^^^^^^^^^^^^^^^^^^^^^^^^^^^
pyodbc.OperationalError: ('HYT00', '[HYT00] [Microsoft][ODBC Driver 17 for SQL Server]Login timeout expired (0) (SQLDriverConnect)')
[2026-03-23 21:00:01.015957] 🔥 Scalable Brain M1 Auditor STARTED

Traceback (most recent call last):
  File "/home/eem/Documents/trading_system/src/layer6_auditor/trade_auditor.py", line 183, in <module>
    main()
  File "/home/eem/Documents/trading_system/src/layer6_auditor/trade_auditor.py", line 124, in main
    conn = get_db_connection()
           ^^^^^^^^^^^^^^^^^^^
  File "/home/eem/Documents/trading_system/src/layer6_auditor/trade_auditor.py", line 37, in get_db_connection
    return pyodbc.connect(conn_str, autocommit=True)
           ^^^^^^^^^^^^^^^^^^^^^^^^^^^^^^^^^^^^^^^^^
pyodbc.OperationalError: ('HYT00', '[HYT00] [Microsoft][ODBC Driver 17 for SQL Server]Login timeout expired (0) (SQLDriverConnect)')
[2026-03-24 00:00:00.839271] 🔥 Scalable Brain M1 Auditor STARTED

Traceback (most recent call last):
  File "/home/eem/Documents/trading_system/src/layer6_auditor/trade_auditor.py", line 183, in <module>
    main()
  File "/home/eem/Documents/trading_system/src/layer6_auditor/trade_auditor.py", line 124, in main
    conn = get_db_connection()
           ^^^^^^^^^^^^^^^^^^^
  File "/home/eem/Documents/trading_system/src/layer6_auditor/trade_auditor.py", line 37, in get_db_connection
    return pyodbc.connect(conn_str, autocommit=True)
           ^^^^^^^^^^^^^^^^^^^^^^^^^^^^^^^^^^^^^^^^^
pyodbc.OperationalError: ('HYT00', '[HYT00] [Microsoft][ODBC Driver 17 for SQL Server]Login timeout expired (0) (SQLDriverConnect)')
[2026-03-24 04:00:00.817170] 🔥 Scalable Brain M1 Auditor STARTED

Traceback (most recent call last):
  File "/home/eem/Documents/trading_system/src/layer6_auditor/trade_auditor.py", line 183, in <module>
    main()
  File "/home/eem/Documents/trading_system/src/layer6_auditor/trade_auditor.py", line 124, in main
    conn = get_db_connection()
           ^^^^^^^^^^^^^^^^^^^
  File "/home/eem/Documents/trading_system/src/layer6_auditor/trade_auditor.py", line 37, in get_db_connection
    return pyodbc.connect(conn_str, autocommit=True)
           ^^^^^^^^^^^^^^^^^^^^^^^^^^^^^^^^^^^^^^^^^
pyodbc.OperationalError: ('HYT00', '[HYT00] [Microsoft][ODBC Driver 17 for SQL Server]Login timeout expired (0) (SQLDriverConnect)')
[2026-03-24 13:00:00.810176] 🔥 Scalable Brain M1 Auditor STARTED

Traceback (most recent call last):
  File "/home/eem/Documents/trading_system/src/layer6_auditor/trade_auditor.py", line 183, in <module>
    main()
  File "/home/eem/Documents/trading_system/src/layer6_auditor/trade_auditor.py", line 124, in main
    conn = get_db_connection()
           ^^^^^^^^^^^^^^^^^^^
  File "/home/eem/Documents/trading_system/src/layer6_auditor/trade_auditor.py", line 37, in get_db_connection
    return pyodbc.connect(conn_str, autocommit=True)
           ^^^^^^^^^^^^^^^^^^^^^^^^^^^^^^^^^^^^^^^^^
pyodbc.OperationalError: ('HYT00', '[HYT00] [Microsoft][ODBC Driver 17 for SQL Server]Login timeout expired (0) (SQLDriverConnect)')
[2026-03-24 17:00:00.262342] 🔥 Scalable Brain M1 Auditor STARTED

Found 26 unresolved active trades.

Analyzing EUR_USD | Entry: 2026-03-20 20:00:00 | Price: 1.15711
 → WIN | TP hit at 2026-03-23 09:26:00 (Low: 1.15127)
 ✓ Database Updated: Outcome = WIN

Analyzing EUR_USD | Entry: 2026-03-20 20:00:00 | Price: 1.15711
 → WIN | TP hit at 2026-03-23 09:26:00 (Low: 1.15127)
 ✓ Database Updated: Outcome = WIN

Analyzing EUR_USD | Entry: 2026-03-20 20:00:00 | Price: 1.15711
 → WIN | TP hit at 2026-03-23 09:26:00 (Low: 1.15127)
 ✓ Database Updated: Outcome = WIN

Analyzing EUR_USD | Entry: 2026-03-20 20:00:00 | Price: 1.15711
 → WIN | TP hit at 2026-03-23 09:26:00 (Low: 1.15127)
 ✓ Database Updated: Outcome = WIN

Analyzing EUR_USD | Entry: 2026-03-20 20:00:00 | Price: 1.15711
 → WIN | TP hit at 2026-03-23 09:26:00 (Low: 1.15127)
 ✓ Database Updated: Outcome = WIN

Analyzing EUR_USD | Entry: 2026-03-20 20:00:00 | Price: 1.15711
 → WIN | TP hit at 2026-03-23 09:26:00 (Low: 1.15127)
 ✓ Database Updated: Outcome = WIN

Analyzing EUR_USD | Entry: 2026-03-20 20:00:00 | Price: 1.15711
 → WIN | TP hit at 2026-03-23 09:26:00 (Low: 1.15127)
 ✓ Database Updated: Outcome = WIN

Analyzing EUR_USD | Entry: 2026-03-20 20:00:00 | Price: 1.15711
 → WIN | TP hit at 2026-03-23 09:26:00 (Low: 1.15127)
 ✓ Database Updated: Outcome = WIN

Analyzing EUR_USD | Entry: 2026-03-20 20:00:00 | Price: 1.15711
 → WIN | TP hit at 2026-03-23 09:26:00 (Low: 1.15127)
 ✓ Database Updated: Outcome = WIN

Analyzing EUR_USD | Entry: 2026-03-20 20:00:00 | Price: 1.15711
 → WIN | TP hit at 2026-03-23 09:26:00 (Low: 1.15127)
 ✓ Database Updated: Outcome = WIN

Analyzing EUR_USD | Entry: 2026-03-20 20:00:00 | Price: 1.15711
 → WIN | TP hit at 2026-03-23 09:26:00 (Low: 1.15127)
 ✓ Database Updated: Outcome = WIN

Analyzing EUR_USD | Entry: 2026-03-20 20:00:00 | Price: 1.15711
 → WIN | TP hit at 2026-03-23 09:26:00 (Low: 1.15127)
 ✓ Database Updated: Outcome = WIN

Analyzing EUR_USD | Entry: 2026-03-20 20:00:00 | Price: 1.15711
 → WIN | TP hit at 2026-03-23 09:26:00 (Low: 1.15127)
 ✓ Database Updated: Outcome = WIN

Analyzing EUR_USD | Entry: 2026-03-20 20:00:00 | Price: 1.15711
 → WIN | TP hit at 2026-03-23 09:26:00 (Low: 1.15127)
 ✓ Database Updated: Outcome = WIN

Analyzing EUR_USD | Entry: 2026-03-20 20:00:00 | Price: 1.15711
 → WIN | TP hit at 2026-03-23 09:26:00 (Low: 1.15127)
 ✓ Database Updated: Outcome = WIN

Analyzing EUR_USD | Entry: 2026-03-20 20:00:00 | Price: 1.15711
 → WIN | TP hit at 2026-03-23 09:26:00 (Low: 1.15127)
 ✓ Database Updated: Outcome = WIN

Analyzing EUR_USD | Entry: 2026-03-20 20:00:00 | Price: 1.15711
 → WIN | TP hit at 2026-03-23 09:26:00 (Low: 1.15127)
 ✓ Database Updated: Outcome = WIN

Analyzing EUR_USD | Entry: 2026-03-20 20:00:00 | Price: 1.15711
 → WIN | TP hit at 2026-03-23 09:26:00 (Low: 1.15127)
 ✓ Database Updated: Outcome = WIN

Analyzing EUR_USD | Entry: 2026-03-20 20:00:00 | Price: 1.15711
 → WIN | TP hit at 2026-03-23 09:26:00 (Low: 1.15127)
 ✓ Database Updated: Outcome = WIN

Analyzing EUR_USD | Entry: 2026-03-20 20:00:00 | Price: 1.15711
 → WIN | TP hit at 2026-03-23 09:26:00 (Low: 1.15127)
 ✓ Database Updated: Outcome = WIN

Analyzing EUR_USD | Entry: 2026-03-20 20:00:00 | Price: 1.15711
 → WIN | TP hit at 2026-03-23 09:26:00 (Low: 1.15127)
 ✓ Database Updated: Outcome = WIN

Analyzing EUR_USD | Entry: 2026-03-20 20:00:00 | Price: 1.15711
 → WIN | TP hit at 2026-03-23 09:26:00 (Low: 1.15127)
 ✓ Database Updated: Outcome = WIN

Analyzing EUR_USD | Entry: 2026-03-20 20:00:00 | Price: 1.15711
 → WIN | TP hit at 2026-03-23 09:26:00 (Low: 1.15127)
 ✓ Database Updated: Outcome = WIN

Analyzing EUR_USD | Entry: 2026-03-20 20:00:00 | Price: 1.15711
 → WIN | TP hit at 2026-03-23 09:26:00 (Low: 1.15127)
 ✓ Database Updated: Outcome = WIN

Analyzing EUR_USD | Entry: 2026-03-20 20:00:00 | Price: 1.15711
 → WIN | TP hit at 2026-03-23 09:26:00 (Low: 1.15127)
 ✓ Database Updated: Outcome = WIN

Analyzing EUR_USD | Entry: 2026-03-20 20:00:00 | Price: 1.15711
 → WIN | TP hit at 2026-03-23 09:26:00 (Low: 1.15127)
 ✓ Database Updated: Outcome = WIN

[2026-03-24 17:00:06.245674] Auditor FINISHED. Updated 26 trade records.
[2026-03-24 21:00:00.703790] 🔥 Scalable Brain M1 Auditor STARTED

Found 0 unresolved active trades.

[2026-03-24 21:00:00.726765] Auditor FINISHED. Updated 0 trade records.
[2026-03-25 00:00:00.832836] 🔥 Scalable Brain M1 Auditor STARTED

Found 0 unresolved active trades.

[2026-03-25 00:00:00.851001] Auditor FINISHED. Updated 0 trade records.
[2026-03-25 04:00:00.701307] 🔥 Scalable Brain M1 Auditor STARTED

Found 0 unresolved active trades.

[2026-03-25 04:00:00.724431] Auditor FINISHED. Updated 0 trade records.
[2026-03-25 13:00:00.604141] 🔥 Scalable Brain M1 Auditor STARTED

Found 0 unresolved active trades.

[2026-03-25 13:00:00.627221] Auditor FINISHED. Updated 0 trade records.
[2026-03-25 17:00:00.785846] 🔥 Scalable Brain M1 Auditor STARTED

Found 0 unresolved active trades.

[2026-03-25 17:00:00.805677] Auditor FINISHED. Updated 0 trade records.
[2026-03-25 21:00:01.021581] 🔥 Scalable Brain M1 Auditor STARTED

Found 0 unresolved active trades.

[2026-03-25 21:00:01.041774] Auditor FINISHED. Updated 0 trade records.
[2026-03-26 00:00:00.440306] 🔥 Scalable Brain M1 Auditor STARTED

Found 0 unresolved active trades.

[2026-03-26 00:00:00.461231] Auditor FINISHED. Updated 0 trade records.
[2026-03-26 04:00:00.646688] 🔥 Scalable Brain M1 Auditor STARTED

Found 0 unresolved active trades.

[2026-03-26 04:00:00.666483] Auditor FINISHED. Updated 0 trade records.
