=================================================
Starting Scalable Brain Weekly Sync and Retrain
Time: Sat Mar 14 02:00:00 AM ADT 2026
=================================================
-> Step 1: Fetching new H1 candles from Oanda...
python3: can't open file '/home/eem/Documents/trading_system/src/data_ingestion/oanda_historical_sync.py': [Errno 2] No such file or directory
-> Step 2: Generating base strategy signals and features...
Traceback (most recent call last):
  File "/home/eem/Documents/trading_system/src/layer2_signals/generate_signals.py", line 1, in <module>
    import pyodbc
ModuleNotFoundError: No module named 'pyodbc'
-> Step 3: Evaluating past trades to create ML labels...
Traceback (most recent call last):
  File "/home/eem/Documents/trading_system/src/layer3_ml/evaluate_trades_atr.py", line 1, in <module>
    import pyodbc
ModuleNotFoundError: No module named 'pyodbc'
-> Step 4: Retraining the ML Gatekeeper models...
Traceback (most recent call last):
  File "/home/eem/Documents/trading_system/src/layer3_ml/train_ml_gatekeeper.py", line 2, in <module>
    from sklearn.model_selection import train_test_split, TimeSeriesSplit
ModuleNotFoundError: No module named 'sklearn'
=================================================
Weekly pipeline complete! Champion model saved.
=================================================
